2019-11-16 22:00:07,001 [main] ERROR o.a.e.i.interceptor.CommandContext 149 - Error while closing command context
org.activiti.engine.ActivitiObjectNotFoundException: no deployed process definition found with id 'leave'
	at org.activiti.engine.impl.persistence.deploy.DeploymentManager.findDeployedProcessDefinitionById(DeploymentManager.java:74)
	at org.activiti.engine.impl.cmd.GetDeploymentProcessDefinitionCmd.execute(GetDeploymentProcessDefinitionCmd.java:35)
	at org.activiti.engine.impl.cmd.GetDeploymentProcessDefinitionCmd.execute(GetDeploymentProcessDefinitionCmd.java:25)
	at org.activiti.engine.impl.interceptor.CommandInvoker$1.run(CommandInvoker.java:37)
	at org.activiti.engine.impl.interceptor.CommandInvoker.executeOperation(CommandInvoker.java:78)
	at org.activiti.engine.impl.interceptor.CommandInvoker.executeOperations(CommandInvoker.java:57)
	at org.activiti.engine.impl.interceptor.CommandInvoker.execute(CommandInvoker.java:42)
	at org.activiti.engine.impl.interceptor.TransactionContextInterceptor.execute(TransactionContextInterceptor.java:48)
	at org.activiti.engine.impl.interceptor.CommandContextInterceptor.execute(CommandContextInterceptor.java:59)
	at org.activiti.spring.SpringTransactionInterceptor$1.doInTransaction(SpringTransactionInterceptor.java:47)
	at org.springframework.transaction.support.TransactionTemplate.execute(TransactionTemplate.java:140)
	at org.activiti.spring.SpringTransactionInterceptor.execute(SpringTransactionInterceptor.java:45)
	at org.activiti.engine.impl.interceptor.LogInterceptor.execute(LogInterceptor.java:29)
	at org.activiti.engine.impl.cfg.CommandExecutorImpl.execute(CommandExecutorImpl.java:44)
	at org.activiti.engine.impl.cfg.CommandExecutorImpl.execute(CommandExecutorImpl.java:39)
	at org.activiti.engine.impl.RepositoryServiceImpl.getProcessDefinition(RepositoryServiceImpl.java:138)
	at com.induschain.workflow.WorkFlowFacade.startProcess(WorkFlowFacade.java:55)
	at com.induschain.workflow.WorkFlowServiceTest.startProcess(WorkFlowServiceTest.java:31)
	at sun.reflect.NativeMethodAccessorImpl.invoke0(Native Method)
	at sun.reflect.NativeMethodAccessorImpl.invoke(NativeMethodAccessorImpl.java:62)
	at sun.reflect.DelegatingMethodAccessorImpl.invoke(DelegatingMethodAccessorImpl.java:43)
	at java.lang.reflect.Method.invoke(Method.java:498)
	at org.junit.runners.model.FrameworkMethod$1.runReflectiveCall(FrameworkMethod.java:50)
	at org.junit.internal.runners.model.ReflectiveCallable.run(ReflectiveCallable.java:12)
	at org.junit.runners.model.FrameworkMethod.invokeExplosively(FrameworkMethod.java:47)
	at org.junit.internal.runners.statements.InvokeMethod.evaluate(InvokeMethod.java:17)
	at org.springframework.test.context.junit4.statements.RunBeforeTestExecutionCallbacks.evaluate(RunBeforeTestExecutionCallbacks.java:73)
	at org.springframework.test.context.junit4.statements.RunAfterTestExecutionCallbacks.evaluate(RunAfterTestExecutionCallbacks.java:83)
	at org.springframework.test.context.junit4.statements.RunBeforeTestMethodCallbacks.evaluate(RunBeforeTestMethodCallbacks.java:75)
	at org.springframework.test.context.junit4.statements.RunAfterTestMethodCallbacks.evaluate(RunAfterTestMethodCallbacks.java:86)
	at org.springframework.test.context.junit4.statements.SpringRepeat.evaluate(SpringRepeat.java:84)
	at org.junit.runners.ParentRunner.runLeaf(ParentRunner.java:325)
	at org.springframework.test.context.junit4.SpringJUnit4ClassRunner.runChild(SpringJUnit4ClassRunner.java:251)
	at org.springframework.test.context.junit4.SpringJUnit4ClassRunner.runChild(SpringJUnit4ClassRunner.java:97)
	at org.junit.runners.ParentRunner$3.run(ParentRunner.java:290)
	at org.junit.runners.ParentRunner$1.schedule(ParentRunner.java:71)
	at org.junit.runners.ParentRunner.runChildren(ParentRunner.java:288)
	at org.junit.runners.ParentRunner.access$000(ParentRunner.java:58)
	at org.junit.runners.ParentRunner$2.evaluate(ParentRunner.java:268)
	at org.springframework.test.context.junit4.statements.RunBeforeTestClassCallbacks.evaluate(RunBeforeTestClassCallbacks.java:61)
	at org.springframework.test.context.junit4.statements.RunAfterTestClassCallbacks.evaluate(RunAfterTestClassCallbacks.java:70)
	at org.junit.runners.ParentRunner.run(ParentRunner.java:363)
	at org.springframework.test.context.junit4.SpringJUnit4ClassRunner.run(SpringJUnit4ClassRunner.java:190)
	at org.junit.runner.JUnitCore.run(JUnitCore.java:137)
	at com.intellij.junit4.JUnit4IdeaTestRunner.startRunnerWithArgs(JUnit4IdeaTestRunner.java:68)
	at com.intellij.rt.execution.junit.IdeaTestRunner$Repeater.startRunnerWithArgs(IdeaTestRunner.java:47)
	at com.intellij.rt.execution.junit.JUnitStarter.prepareStreamsAndStart(JUnitStarter.java:242)
	at com.intellij.rt.execution.junit.JUnitStarter.main(JUnitStarter.java:70)
2019-11-16 22:04:06,949 [main] ERROR o.a.e.i.interceptor.CommandContext 149 - Error while closing command context
org.activiti.engine.ActivitiObjectNotFoundException: no deployed process definition found with id 'leave'
	at org.activiti.engine.impl.persistence.deploy.DeploymentManager.findDeployedProcessDefinitionById(DeploymentManager.java:74)
	at org.activiti.engine.impl.cmd.GetDeploymentProcessDefinitionCmd.execute(GetDeploymentProcessDefinitionCmd.java:35)
	at org.activiti.engine.impl.cmd.GetDeploymentProcessDefinitionCmd.execute(GetDeploymentProcessDefinitionCmd.java:25)
	at org.activiti.engine.impl.interceptor.CommandInvoker$1.run(CommandInvoker.java:37)
	at org.activiti.engine.impl.interceptor.CommandInvoker.executeOperation(CommandInvoker.java:78)
	at org.activiti.engine.impl.interceptor.CommandInvoker.executeOperations(CommandInvoker.java:57)
	at org.activiti.engine.impl.interceptor.CommandInvoker.execute(CommandInvoker.java:42)
	at org.activiti.engine.impl.interceptor.TransactionContextInterceptor.execute(TransactionContextInterceptor.java:48)
	at org.activiti.engine.impl.interceptor.CommandContextInterceptor.execute(CommandContextInterceptor.java:59)
	at org.activiti.spring.SpringTransactionInterceptor$1.doInTransaction(SpringTransactionInterceptor.java:47)
	at org.springframework.transaction.support.TransactionTemplate.execute(TransactionTemplate.java:140)
	at org.activiti.spring.SpringTransactionInterceptor.execute(SpringTransactionInterceptor.java:45)
	at org.activiti.engine.impl.interceptor.LogInterceptor.execute(LogInterceptor.java:29)
	at org.activiti.engine.impl.cfg.CommandExecutorImpl.execute(CommandExecutorImpl.java:44)
	at org.activiti.engine.impl.cfg.CommandExecutorImpl.execute(CommandExecutorImpl.java:39)
	at org.activiti.engine.impl.RepositoryServiceImpl.getProcessDefinition(RepositoryServiceImpl.java:138)
	at com.induschain.workflow.WorkFlowFacade.startProcess(WorkFlowFacade.java:57)
	at com.induschain.workflow.WorkFlowServiceTest.startProcess(WorkFlowServiceTest.java:31)
	at sun.reflect.NativeMethodAccessorImpl.invoke0(Native Method)
	at sun.reflect.NativeMethodAccessorImpl.invoke(NativeMethodAccessorImpl.java:62)
	at sun.reflect.DelegatingMethodAccessorImpl.invoke(DelegatingMethodAccessorImpl.java:43)
	at java.lang.reflect.Method.invoke(Method.java:498)
	at org.junit.runners.model.FrameworkMethod$1.runReflectiveCall(FrameworkMethod.java:50)
	at org.junit.internal.runners.model.ReflectiveCallable.run(ReflectiveCallable.java:12)
	at org.junit.runners.model.FrameworkMethod.invokeExplosively(FrameworkMethod.java:47)
	at org.junit.internal.runners.statements.InvokeMethod.evaluate(InvokeMethod.java:17)
	at org.springframework.test.context.junit4.statements.RunBeforeTestExecutionCallbacks.evaluate(RunBeforeTestExecutionCallbacks.java:73)
	at org.springframework.test.context.junit4.statements.RunAfterTestExecutionCallbacks.evaluate(RunAfterTestExecutionCallbacks.java:83)
	at org.springframework.test.context.junit4.statements.RunBeforeTestMethodCallbacks.evaluate(RunBeforeTestMethodCallbacks.java:75)
	at org.springframework.test.context.junit4.statements.RunAfterTestMethodCallbacks.evaluate(RunAfterTestMethodCallbacks.java:86)
	at org.springframework.test.context.junit4.statements.SpringRepeat.evaluate(SpringRepeat.java:84)
	at org.junit.runners.ParentRunner.runLeaf(ParentRunner.java:325)
	at org.springframework.test.context.junit4.SpringJUnit4ClassRunner.runChild(SpringJUnit4ClassRunner.java:251)
	at org.springframework.test.context.junit4.SpringJUnit4ClassRunner.runChild(SpringJUnit4ClassRunner.java:97)
	at org.junit.runners.ParentRunner$3.run(ParentRunner.java:290)
	at org.junit.runners.ParentRunner$1.schedule(ParentRunner.java:71)
	at org.junit.runners.ParentRunner.runChildren(ParentRunner.java:288)
	at org.junit.runners.ParentRunner.access$000(ParentRunner.java:58)
	at org.junit.runners.ParentRunner$2.evaluate(ParentRunner.java:268)
	at org.springframework.test.context.junit4.statements.RunBeforeTestClassCallbacks.evaluate(RunBeforeTestClassCallbacks.java:61)
	at org.springframework.test.context.junit4.statements.RunAfterTestClassCallbacks.evaluate(RunAfterTestClassCallbacks.java:70)
	at org.junit.runners.ParentRunner.run(ParentRunner.java:363)
	at org.springframework.test.context.junit4.SpringJUnit4ClassRunner.run(SpringJUnit4ClassRunner.java:190)
	at org.junit.runner.JUnitCore.run(JUnitCore.java:137)
	at com.intellij.junit4.JUnit4IdeaTestRunner.startRunnerWithArgs(JUnit4IdeaTestRunner.java:68)
	at com.intellij.rt.execution.junit.IdeaTestRunner$Repeater.startRunnerWithArgs(IdeaTestRunner.java:47)
	at com.intellij.rt.execution.junit.JUnitStarter.prepareStreamsAndStart(JUnitStarter.java:242)
	at com.intellij.rt.execution.junit.JUnitStarter.main(JUnitStarter.java:70)
