2019-11-15 16:26:04,156 [main] ERROR o.s.test.context.TestContextManager 250 - Caught exception while allowing TestExecutionListener [org.springframework.boot.test.autoconfigure.SpringBootDependencyInjectionTestExecutionListener@5c6648b0] to prepare test instance [com.induschain.workflow.WorkFlowServiceTest@43255f91]
org.springframework.beans.factory.UnsatisfiedDependencyException: Error creating bean with name 'com.induschain.workflow.WorkFlowServiceTest': Unsatisfied dependency expressed through field 'workFlowService'; nested exception is org.springframework.beans.factory.NoSuchBeanDefinitionException: No qualifying bean of type 'com.induschain.workflow.WorkFlowService' available: expected at least 1 bean which qualifies as autowire candidate. Dependency annotations: {@org.springframework.beans.factory.annotation.Autowired(required=true)}
	at org.springframework.beans.factory.annotation.AutowiredAnnotationBeanPostProcessor$AutowiredFieldElement.inject(AutowiredAnnotationBeanPostProcessor.java:584)
	at org.springframework.beans.factory.annotation.InjectionMetadata.inject(InjectionMetadata.java:90)
	at org.springframework.beans.factory.annotation.AutowiredAnnotationBeanPostProcessor.postProcessPropertyValues(AutowiredAnnotationBeanPostProcessor.java:370)
	at org.springframework.beans.factory.support.AbstractAutowireCapableBeanFactory.populateBean(AbstractAutowireCapableBeanFactory.java:1336)
	at org.springframework.beans.factory.support.AbstractAutowireCapableBeanFactory.autowireBeanProperties(AbstractAutowireCapableBeanFactory.java:393)
	at org.springframework.test.context.support.DependencyInjectionTestExecutionListener.injectDependencies(DependencyInjectionTestExecutionListener.java:118)
	at org.springframework.test.context.support.DependencyInjectionTestExecutionListener.prepareTestInstance(DependencyInjectionTestExecutionListener.java:83)
	at org.springframework.boot.test.autoconfigure.SpringBootDependencyInjectionTestExecutionListener.prepareTestInstance(SpringBootDependencyInjectionTestExecutionListener.java:44)
	at org.springframework.test.context.TestContextManager.prepareTestInstance(TestContextManager.java:246)
	at org.springframework.test.context.junit4.SpringJUnit4ClassRunner.createTest(SpringJUnit4ClassRunner.java:227)
	at org.springframework.test.context.junit4.SpringJUnit4ClassRunner$1.runReflectiveCall(SpringJUnit4ClassRunner.java:289)
	at org.junit.internal.runners.model.ReflectiveCallable.run(ReflectiveCallable.java:12)
	at org.springframework.test.context.junit4.SpringJUnit4ClassRunner.methodBlock(SpringJUnit4ClassRunner.java:291)
	at org.springframework.test.context.junit4.SpringJUnit4ClassRunner.runChild(SpringJUnit4ClassRunner.java:246)
	at org.springframework.test.context.junit4.SpringJUnit4ClassRunner.runChild(SpringJUnit4ClassRunner.java:97)
	at org.junit.runners.ParentRunner$3.run(ParentRunner.java:290)
	at org.junit.runners.ParentRunner$1.schedule(ParentRunner.java:71)
	at org.junit.runners.ParentRunner.runChildren(ParentRunner.java:288)
	at org.junit.runners.ParentRunner.access$000(ParentRunner.java:58)
	at org.junit.runners.ParentRunner$2.evaluate(ParentRunner.java:268)
	at org.springframework.test.context.junit4.statements.RunBeforeTestClassCallbacks.evaluate(RunBeforeTestClassCallbacks.java:61)
	at org.springframework.test.context.junit4.statements.RunAfterTestClassCallbacks.evaluate(RunAfterTestClassCallbacks.java:70)
	at org.junit.runners.ParentRunner.run(ParentRunner.java:363)
	at org.springframework.test.context.junit4.SpringJUnit4ClassRunner.run(SpringJUnit4ClassRunner.java:190)
	at org.junit.runner.JUnitCore.run(JUnitCore.java:137)
	at com.intellij.junit4.JUnit4IdeaTestRunner.startRunnerWithArgs(JUnit4IdeaTestRunner.java:68)
	at com.intellij.rt.execution.junit.IdeaTestRunner$Repeater.startRunnerWithArgs(IdeaTestRunner.java:47)
	at com.intellij.rt.execution.junit.JUnitStarter.prepareStreamsAndStart(JUnitStarter.java:242)
	at com.intellij.rt.execution.junit.JUnitStarter.main(JUnitStarter.java:70)
Caused by: org.springframework.beans.factory.NoSuchBeanDefinitionException: No qualifying bean of type 'com.induschain.workflow.WorkFlowService' available: expected at least 1 bean which qualifies as autowire candidate. Dependency annotations: {@org.springframework.beans.factory.annotation.Autowired(required=true)}
	at org.springframework.beans.factory.support.DefaultListableBeanFactory.raiseNoMatchingBeanFound(DefaultListableBeanFactory.java:1506)
	at org.springframework.beans.factory.support.DefaultListableBeanFactory.doResolveDependency(DefaultListableBeanFactory.java:1101)
	at org.springframework.beans.factory.support.DefaultListableBeanFactory.resolveDependency(DefaultListableBeanFactory.java:1062)
	at org.springframework.beans.factory.annotation.AutowiredAnnotationBeanPostProcessor$AutowiredFieldElement.inject(AutowiredAnnotationBeanPostProcessor.java:581)
	... 28 common frames omitted
2019-11-15 16:34:38,791 [main] ERROR o.a.e.i.interceptor.CommandContext 149 - Error while closing command context
org.activiti.engine.ActivitiObjectNotFoundException: no processes deployed with key 'qingjia'
	at org.activiti.engine.impl.persistence.deploy.DeploymentManager.findDeployedLatestProcessDefinitionByKey(DeploymentManager.java:85)
	at org.activiti.engine.impl.cmd.StartProcessInstanceCmd.execute(StartProcessInstanceCmd.java:85)
	at org.activiti.engine.impl.cmd.StartProcessInstanceCmd.execute(StartProcessInstanceCmd.java:37)
	at org.activiti.engine.impl.interceptor.CommandInvoker$1.run(CommandInvoker.java:37)
	at org.activiti.engine.impl.interceptor.CommandInvoker.executeOperation(CommandInvoker.java:78)
	at org.activiti.engine.impl.interceptor.CommandInvoker.executeOperations(CommandInvoker.java:57)
	at org.activiti.engine.impl.interceptor.CommandInvoker.execute(CommandInvoker.java:42)
	at org.activiti.engine.impl.interceptor.TransactionContextInterceptor.execute(TransactionContextInterceptor.java:48)
	at org.activiti.engine.impl.interceptor.CommandContextInterceptor.execute(CommandContextInterceptor.java:59)
	at org.activiti.spring.SpringTransactionInterceptor$1.doInTransaction(SpringTransactionInterceptor.java:47)
	at org.springframework.transaction.support.TransactionTemplate.execute(TransactionTemplate.java:140)
	at org.activiti.spring.SpringTransactionInterceptor.execute(SpringTransactionInterceptor.java:45)
	at org.activiti.engine.impl.interceptor.LogInterceptor.execute(LogInterceptor.java:29)
	at org.activiti.engine.impl.cfg.CommandExecutorImpl.execute(CommandExecutorImpl.java:44)
	at org.activiti.engine.impl.cfg.CommandExecutorImpl.execute(CommandExecutorImpl.java:39)
	at org.activiti.engine.impl.RuntimeServiceImpl.startProcessInstanceByKey(RuntimeServiceImpl.java:77)
	at com.induschain.workflow.WorkFlowService.startProcess(WorkFlowService.java:47)
	at com.induschain.workflow.WorkFlowServiceTest.startProcess(WorkFlowServiceTest.java:27)
	at sun.reflect.NativeMethodAccessorImpl.invoke0(Native Method)
	at sun.reflect.NativeMethodAccessorImpl.invoke(NativeMethodAccessorImpl.java:62)
	at sun.reflect.DelegatingMethodAccessorImpl.invoke(DelegatingMethodAccessorImpl.java:43)
	at java.lang.reflect.Method.invoke(Method.java:498)
	at org.junit.runners.model.FrameworkMethod$1.runReflectiveCall(FrameworkMethod.java:50)
	at org.junit.internal.runners.model.ReflectiveCallable.run(ReflectiveCallable.java:12)
	at org.junit.runners.model.FrameworkMethod.invokeExplosively(FrameworkMethod.java:47)
	at org.junit.internal.runners.statements.InvokeMethod.evaluate(InvokeMethod.java:17)
	at org.springframework.test.context.junit4.statements.RunBeforeTestExecutionCallbacks.evaluate(RunBeforeTestExecutionCallbacks.java:73)
	at org.springframework.test.context.junit4.statements.RunAfterTestExecutionCallbacks.evaluate(RunAfterTestExecutionCallbacks.java:83)
	at org.springframework.test.context.junit4.statements.RunBeforeTestMethodCallbacks.evaluate(RunBeforeTestMethodCallbacks.java:75)
	at org.springframework.test.context.junit4.statements.RunAfterTestMethodCallbacks.evaluate(RunAfterTestMethodCallbacks.java:86)
	at org.springframework.test.context.junit4.statements.SpringRepeat.evaluate(SpringRepeat.java:84)
	at org.junit.runners.ParentRunner.runLeaf(ParentRunner.java:325)
	at org.springframework.test.context.junit4.SpringJUnit4ClassRunner.runChild(SpringJUnit4ClassRunner.java:251)
	at org.springframework.test.context.junit4.SpringJUnit4ClassRunner.runChild(SpringJUnit4ClassRunner.java:97)
	at org.junit.runners.ParentRunner$3.run(ParentRunner.java:290)
	at org.junit.runners.ParentRunner$1.schedule(ParentRunner.java:71)
	at org.junit.runners.ParentRunner.runChildren(ParentRunner.java:288)
	at org.junit.runners.ParentRunner.access$000(ParentRunner.java:58)
	at org.junit.runners.ParentRunner$2.evaluate(ParentRunner.java:268)
	at org.springframework.test.context.junit4.statements.RunBeforeTestClassCallbacks.evaluate(RunBeforeTestClassCallbacks.java:61)
	at org.springframework.test.context.junit4.statements.RunAfterTestClassCallbacks.evaluate(RunAfterTestClassCallbacks.java:70)
	at org.junit.runners.ParentRunner.run(ParentRunner.java:363)
	at org.springframework.test.context.junit4.SpringJUnit4ClassRunner.run(SpringJUnit4ClassRunner.java:190)
	at org.junit.runner.JUnitCore.run(JUnitCore.java:137)
	at com.intellij.junit4.JUnit4IdeaTestRunner.startRunnerWithArgs(JUnit4IdeaTestRunner.java:68)
	at com.intellij.rt.execution.junit.IdeaTestRunner$Repeater.startRunnerWithArgs(IdeaTestRunner.java:47)
	at com.intellij.rt.execution.junit.JUnitStarter.prepareStreamsAndStart(JUnitStarter.java:242)
	at com.intellij.rt.execution.junit.JUnitStarter.main(JUnitStarter.java:70)
2019-11-15 16:38:33,617 [main] ERROR o.a.e.i.interceptor.CommandContext 149 - Error while closing command context
org.activiti.engine.ActivitiObjectNotFoundException: no deployed process definition found with id '97f59b74-0782-11ea-9635-be62bf819394'
	at org.activiti.engine.impl.persistence.deploy.DeploymentManager.findDeployedProcessDefinitionById(DeploymentManager.java:74)
	at org.activiti.engine.impl.cmd.StartProcessInstanceCmd.execute(StartProcessInstanceCmd.java:78)
	at org.activiti.engine.impl.cmd.StartProcessInstanceCmd.execute(StartProcessInstanceCmd.java:37)
	at org.activiti.engine.impl.interceptor.CommandInvoker$1.run(CommandInvoker.java:37)
	at org.activiti.engine.impl.interceptor.CommandInvoker.executeOperation(CommandInvoker.java:78)
	at org.activiti.engine.impl.interceptor.CommandInvoker.executeOperations(CommandInvoker.java:57)
	at org.activiti.engine.impl.interceptor.CommandInvoker.execute(CommandInvoker.java:42)
	at org.activiti.engine.impl.interceptor.TransactionContextInterceptor.execute(TransactionContextInterceptor.java:48)
	at org.activiti.engine.impl.interceptor.CommandContextInterceptor.execute(CommandContextInterceptor.java:59)
	at org.activiti.spring.SpringTransactionInterceptor$1.doInTransaction(SpringTransactionInterceptor.java:47)
	at org.springframework.transaction.support.TransactionTemplate.execute(TransactionTemplate.java:140)
	at org.activiti.spring.SpringTransactionInterceptor.execute(SpringTransactionInterceptor.java:45)
	at org.activiti.engine.impl.interceptor.LogInterceptor.execute(LogInterceptor.java:29)
	at org.activiti.engine.impl.cfg.CommandExecutorImpl.execute(CommandExecutorImpl.java:44)
	at org.activiti.engine.impl.cfg.CommandExecutorImpl.execute(CommandExecutorImpl.java:39)
	at org.activiti.engine.impl.RuntimeServiceImpl.startProcessInstanceById(RuntimeServiceImpl.java:109)
	at com.induschain.workflow.WorkFlowService.startProcess(WorkFlowService.java:49)
	at com.induschain.workflow.WorkFlowServiceTest.startProcess(WorkFlowServiceTest.java:27)
	at sun.reflect.NativeMethodAccessorImpl.invoke0(Native Method)
	at sun.reflect.NativeMethodAccessorImpl.invoke(NativeMethodAccessorImpl.java:62)
	at sun.reflect.DelegatingMethodAccessorImpl.invoke(DelegatingMethodAccessorImpl.java:43)
	at java.lang.reflect.Method.invoke(Method.java:498)
	at org.junit.runners.model.FrameworkMethod$1.runReflectiveCall(FrameworkMethod.java:50)
	at org.junit.internal.runners.model.ReflectiveCallable.run(ReflectiveCallable.java:12)
	at org.junit.runners.model.FrameworkMethod.invokeExplosively(FrameworkMethod.java:47)
	at org.junit.internal.runners.statements.InvokeMethod.evaluate(InvokeMethod.java:17)
	at org.springframework.test.context.junit4.statements.RunBeforeTestExecutionCallbacks.evaluate(RunBeforeTestExecutionCallbacks.java:73)
	at org.springframework.test.context.junit4.statements.RunAfterTestExecutionCallbacks.evaluate(RunAfterTestExecutionCallbacks.java:83)
	at org.springframework.test.context.junit4.statements.RunBeforeTestMethodCallbacks.evaluate(RunBeforeTestMethodCallbacks.java:75)
	at org.springframework.test.context.junit4.statements.RunAfterTestMethodCallbacks.evaluate(RunAfterTestMethodCallbacks.java:86)
	at org.springframework.test.context.junit4.statements.SpringRepeat.evaluate(SpringRepeat.java:84)
	at org.junit.runners.ParentRunner.runLeaf(ParentRunner.java:325)
	at org.springframework.test.context.junit4.SpringJUnit4ClassRunner.runChild(SpringJUnit4ClassRunner.java:251)
	at org.springframework.test.context.junit4.SpringJUnit4ClassRunner.runChild(SpringJUnit4ClassRunner.java:97)
	at org.junit.runners.ParentRunner$3.run(ParentRunner.java:290)
	at org.junit.runners.ParentRunner$1.schedule(ParentRunner.java:71)
	at org.junit.runners.ParentRunner.runChildren(ParentRunner.java:288)
	at org.junit.runners.ParentRunner.access$000(ParentRunner.java:58)
	at org.junit.runners.ParentRunner$2.evaluate(ParentRunner.java:268)
	at org.springframework.test.context.junit4.statements.RunBeforeTestClassCallbacks.evaluate(RunBeforeTestClassCallbacks.java:61)
	at org.springframework.test.context.junit4.statements.RunAfterTestClassCallbacks.evaluate(RunAfterTestClassCallbacks.java:70)
	at org.junit.runners.ParentRunner.run(ParentRunner.java:363)
	at org.springframework.test.context.junit4.SpringJUnit4ClassRunner.run(SpringJUnit4ClassRunner.java:190)
	at org.junit.runner.JUnitCore.run(JUnitCore.java:137)
	at com.intellij.junit4.JUnit4IdeaTestRunner.startRunnerWithArgs(JUnit4IdeaTestRunner.java:68)
	at com.intellij.rt.execution.junit.IdeaTestRunner$Repeater.startRunnerWithArgs(IdeaTestRunner.java:47)
	at com.intellij.rt.execution.junit.JUnitStarter.prepareStreamsAndStart(JUnitStarter.java:242)
	at com.intellij.rt.execution.junit.JUnitStarter.main(JUnitStarter.java:70)
2019-11-15 16:45:08,061 [main] ERROR o.a.e.i.interceptor.CommandContext 149 - Error while closing command context
org.activiti.engine.ActivitiObjectNotFoundException: no processes deployed with key 'qingjia'
	at org.activiti.engine.impl.persistence.deploy.DeploymentManager.findDeployedLatestProcessDefinitionByKey(DeploymentManager.java:85)
	at org.activiti.engine.impl.cmd.StartProcessInstanceCmd.execute(StartProcessInstanceCmd.java:85)
	at org.activiti.engine.impl.cmd.StartProcessInstanceCmd.execute(StartProcessInstanceCmd.java:37)
	at org.activiti.engine.impl.interceptor.CommandInvoker$1.run(CommandInvoker.java:37)
	at org.activiti.engine.impl.interceptor.CommandInvoker.executeOperation(CommandInvoker.java:78)
	at org.activiti.engine.impl.interceptor.CommandInvoker.executeOperations(CommandInvoker.java:57)
	at org.activiti.engine.impl.interceptor.CommandInvoker.execute(CommandInvoker.java:42)
	at org.activiti.engine.impl.interceptor.TransactionContextInterceptor.execute(TransactionContextInterceptor.java:48)
	at org.activiti.engine.impl.interceptor.CommandContextInterceptor.execute(CommandContextInterceptor.java:59)
	at org.activiti.spring.SpringTransactionInterceptor$1.doInTransaction(SpringTransactionInterceptor.java:47)
	at org.springframework.transaction.support.TransactionTemplate.execute(TransactionTemplate.java:140)
	at org.activiti.spring.SpringTransactionInterceptor.execute(SpringTransactionInterceptor.java:45)
	at org.activiti.engine.impl.interceptor.LogInterceptor.execute(LogInterceptor.java:29)
	at org.activiti.engine.impl.cfg.CommandExecutorImpl.execute(CommandExecutorImpl.java:44)
	at org.activiti.engine.impl.cfg.CommandExecutorImpl.execute(CommandExecutorImpl.java:39)
	at org.activiti.engine.impl.RuntimeServiceImpl.startProcessInstanceByKey(RuntimeServiceImpl.java:77)
	at com.induschain.workflow.WorkFlowService.startProcess(WorkFlowService.java:48)
	at com.induschain.workflow.WorkFlowServiceTest.startProcess(WorkFlowServiceTest.java:29)
	at sun.reflect.NativeMethodAccessorImpl.invoke0(Native Method)
	at sun.reflect.NativeMethodAccessorImpl.invoke(NativeMethodAccessorImpl.java:62)
	at sun.reflect.DelegatingMethodAccessorImpl.invoke(DelegatingMethodAccessorImpl.java:43)
	at java.lang.reflect.Method.invoke(Method.java:498)
	at org.junit.runners.model.FrameworkMethod$1.runReflectiveCall(FrameworkMethod.java:50)
	at org.junit.internal.runners.model.ReflectiveCallable.run(ReflectiveCallable.java:12)
	at org.junit.runners.model.FrameworkMethod.invokeExplosively(FrameworkMethod.java:47)
	at org.junit.internal.runners.statements.InvokeMethod.evaluate(InvokeMethod.java:17)
	at org.springframework.test.context.junit4.statements.RunBeforeTestExecutionCallbacks.evaluate(RunBeforeTestExecutionCallbacks.java:73)
	at org.springframework.test.context.junit4.statements.RunAfterTestExecutionCallbacks.evaluate(RunAfterTestExecutionCallbacks.java:83)
	at org.springframework.test.context.junit4.statements.RunBeforeTestMethodCallbacks.evaluate(RunBeforeTestMethodCallbacks.java:75)
	at org.springframework.test.context.junit4.statements.RunAfterTestMethodCallbacks.evaluate(RunAfterTestMethodCallbacks.java:86)
	at org.springframework.test.context.junit4.statements.SpringRepeat.evaluate(SpringRepeat.java:84)
	at org.junit.runners.ParentRunner.runLeaf(ParentRunner.java:325)
	at org.springframework.test.context.junit4.SpringJUnit4ClassRunner.runChild(SpringJUnit4ClassRunner.java:251)
	at org.springframework.test.context.junit4.SpringJUnit4ClassRunner.runChild(SpringJUnit4ClassRunner.java:97)
	at org.junit.runners.ParentRunner$3.run(ParentRunner.java:290)
	at org.junit.runners.ParentRunner$1.schedule(ParentRunner.java:71)
	at org.junit.runners.ParentRunner.runChildren(ParentRunner.java:288)
	at org.junit.runners.ParentRunner.access$000(ParentRunner.java:58)
	at org.junit.runners.ParentRunner$2.evaluate(ParentRunner.java:268)
	at org.springframework.test.context.junit4.statements.RunBeforeTestClassCallbacks.evaluate(RunBeforeTestClassCallbacks.java:61)
	at org.springframework.test.context.junit4.statements.RunAfterTestClassCallbacks.evaluate(RunAfterTestClassCallbacks.java:70)
	at org.junit.runners.ParentRunner.run(ParentRunner.java:363)
	at org.springframework.test.context.junit4.SpringJUnit4ClassRunner.run(SpringJUnit4ClassRunner.java:190)
	at org.junit.runner.JUnitCore.run(JUnitCore.java:137)
	at com.intellij.junit4.JUnit4IdeaTestRunner.startRunnerWithArgs(JUnit4IdeaTestRunner.java:68)
	at com.intellij.rt.execution.junit.IdeaTestRunner$Repeater.startRunnerWithArgs(IdeaTestRunner.java:47)
	at com.intellij.rt.execution.junit.JUnitStarter.prepareStreamsAndStart(JUnitStarter.java:242)
	at com.intellij.rt.execution.junit.JUnitStarter.main(JUnitStarter.java:70)
2019-11-15 16:51:25,440 [main] ERROR o.a.e.i.interceptor.CommandContext 149 - Error while closing command context
org.activiti.engine.ActivitiObjectNotFoundException: no processes deployed with key 'LEAVE'
	at org.activiti.engine.impl.persistence.deploy.DeploymentManager.findDeployedLatestProcessDefinitionByKey(DeploymentManager.java:85)
	at org.activiti.engine.impl.cmd.StartProcessInstanceCmd.execute(StartProcessInstanceCmd.java:85)
	at org.activiti.engine.impl.cmd.StartProcessInstanceCmd.execute(StartProcessInstanceCmd.java:37)
	at org.activiti.engine.impl.interceptor.CommandInvoker$1.run(CommandInvoker.java:37)
	at org.activiti.engine.impl.interceptor.CommandInvoker.executeOperation(CommandInvoker.java:78)
	at org.activiti.engine.impl.interceptor.CommandInvoker.executeOperations(CommandInvoker.java:57)
	at org.activiti.engine.impl.interceptor.CommandInvoker.execute(CommandInvoker.java:42)
	at org.activiti.engine.impl.interceptor.TransactionContextInterceptor.execute(TransactionContextInterceptor.java:48)
	at org.activiti.engine.impl.interceptor.CommandContextInterceptor.execute(CommandContextInterceptor.java:59)
	at org.activiti.spring.SpringTransactionInterceptor$1.doInTransaction(SpringTransactionInterceptor.java:47)
	at org.springframework.transaction.support.TransactionTemplate.execute(TransactionTemplate.java:140)
	at org.activiti.spring.SpringTransactionInterceptor.execute(SpringTransactionInterceptor.java:45)
	at org.activiti.engine.impl.interceptor.LogInterceptor.execute(LogInterceptor.java:29)
	at org.activiti.engine.impl.cfg.CommandExecutorImpl.execute(CommandExecutorImpl.java:44)
	at org.activiti.engine.impl.cfg.CommandExecutorImpl.execute(CommandExecutorImpl.java:39)
	at org.activiti.engine.impl.RuntimeServiceImpl.startProcessInstanceByKey(RuntimeServiceImpl.java:77)
	at com.induschain.workflow.WorkFlowService.startProcess(WorkFlowService.java:49)
	at com.induschain.workflow.WorkFlowServiceTest.startProcess(WorkFlowServiceTest.java:30)
	at sun.reflect.NativeMethodAccessorImpl.invoke0(Native Method)
	at sun.reflect.NativeMethodAccessorImpl.invoke(NativeMethodAccessorImpl.java:62)
	at sun.reflect.DelegatingMethodAccessorImpl.invoke(DelegatingMethodAccessorImpl.java:43)
	at java.lang.reflect.Method.invoke(Method.java:498)
	at org.junit.runners.model.FrameworkMethod$1.runReflectiveCall(FrameworkMethod.java:50)
	at org.junit.internal.runners.model.ReflectiveCallable.run(ReflectiveCallable.java:12)
	at org.junit.runners.model.FrameworkMethod.invokeExplosively(FrameworkMethod.java:47)
	at org.junit.internal.runners.statements.InvokeMethod.evaluate(InvokeMethod.java:17)
	at org.springframework.test.context.junit4.statements.RunBeforeTestExecutionCallbacks.evaluate(RunBeforeTestExecutionCallbacks.java:73)
	at org.springframework.test.context.junit4.statements.RunAfterTestExecutionCallbacks.evaluate(RunAfterTestExecutionCallbacks.java:83)
	at org.springframework.test.context.junit4.statements.RunBeforeTestMethodCallbacks.evaluate(RunBeforeTestMethodCallbacks.java:75)
	at org.springframework.test.context.junit4.statements.RunAfterTestMethodCallbacks.evaluate(RunAfterTestMethodCallbacks.java:86)
	at org.springframework.test.context.junit4.statements.SpringRepeat.evaluate(SpringRepeat.java:84)
	at org.junit.runners.ParentRunner.runLeaf(ParentRunner.java:325)
	at org.springframework.test.context.junit4.SpringJUnit4ClassRunner.runChild(SpringJUnit4ClassRunner.java:251)
	at org.springframework.test.context.junit4.SpringJUnit4ClassRunner.runChild(SpringJUnit4ClassRunner.java:97)
	at org.junit.runners.ParentRunner$3.run(ParentRunner.java:290)
	at org.junit.runners.ParentRunner$1.schedule(ParentRunner.java:71)
	at org.junit.runners.ParentRunner.runChildren(ParentRunner.java:288)
	at org.junit.runners.ParentRunner.access$000(ParentRunner.java:58)
	at org.junit.runners.ParentRunner$2.evaluate(ParentRunner.java:268)
	at org.springframework.test.context.junit4.statements.RunBeforeTestClassCallbacks.evaluate(RunBeforeTestClassCallbacks.java:61)
	at org.springframework.test.context.junit4.statements.RunAfterTestClassCallbacks.evaluate(RunAfterTestClassCallbacks.java:70)
	at org.junit.runners.ParentRunner.run(ParentRunner.java:363)
	at org.springframework.test.context.junit4.SpringJUnit4ClassRunner.run(SpringJUnit4ClassRunner.java:190)
	at org.junit.runner.JUnitCore.run(JUnitCore.java:137)
	at com.intellij.junit4.JUnit4IdeaTestRunner.startRunnerWithArgs(JUnit4IdeaTestRunner.java:68)
	at com.intellij.rt.execution.junit.IdeaTestRunner$Repeater.startRunnerWithArgs(IdeaTestRunner.java:47)
	at com.intellij.rt.execution.junit.JUnitStarter.prepareStreamsAndStart(JUnitStarter.java:242)
	at com.intellij.rt.execution.junit.JUnitStarter.main(JUnitStarter.java:70)
2019-11-15 16:55:38,881 [main] ERROR o.a.e.i.interceptor.CommandContext 149 - Error while closing command context
org.activiti.engine.ActivitiObjectNotFoundException: no processes deployed with key 'leave'
	at org.activiti.engine.impl.persistence.deploy.DeploymentManager.findDeployedLatestProcessDefinitionByKey(DeploymentManager.java:85)
	at org.activiti.engine.impl.cmd.StartProcessInstanceCmd.execute(StartProcessInstanceCmd.java:85)
	at org.activiti.engine.impl.cmd.StartProcessInstanceCmd.execute(StartProcessInstanceCmd.java:37)
	at org.activiti.engine.impl.interceptor.CommandInvoker$1.run(CommandInvoker.java:37)
	at org.activiti.engine.impl.interceptor.CommandInvoker.executeOperation(CommandInvoker.java:78)
	at org.activiti.engine.impl.interceptor.CommandInvoker.executeOperations(CommandInvoker.java:57)
	at org.activiti.engine.impl.interceptor.CommandInvoker.execute(CommandInvoker.java:42)
	at org.activiti.engine.impl.interceptor.TransactionContextInterceptor.execute(TransactionContextInterceptor.java:48)
	at org.activiti.engine.impl.interceptor.CommandContextInterceptor.execute(CommandContextInterceptor.java:59)
	at org.activiti.spring.SpringTransactionInterceptor$1.doInTransaction(SpringTransactionInterceptor.java:47)
	at org.springframework.transaction.support.TransactionTemplate.execute(TransactionTemplate.java:140)
	at org.activiti.spring.SpringTransactionInterceptor.execute(SpringTransactionInterceptor.java:45)
	at org.activiti.engine.impl.interceptor.LogInterceptor.execute(LogInterceptor.java:29)
	at org.activiti.engine.impl.cfg.CommandExecutorImpl.execute(CommandExecutorImpl.java:44)
	at org.activiti.engine.impl.cfg.CommandExecutorImpl.execute(CommandExecutorImpl.java:39)
	at org.activiti.engine.impl.RuntimeServiceImpl.startProcessInstanceByKey(RuntimeServiceImpl.java:77)
	at com.induschain.workflow.WorkFlowService.startProcess(WorkFlowService.java:49)
	at com.induschain.workflow.WorkFlowServiceTest.startProcess(WorkFlowServiceTest.java:30)
	at sun.reflect.NativeMethodAccessorImpl.invoke0(Native Method)
	at sun.reflect.NativeMethodAccessorImpl.invoke(NativeMethodAccessorImpl.java:62)
	at sun.reflect.DelegatingMethodAccessorImpl.invoke(DelegatingMethodAccessorImpl.java:43)
	at java.lang.reflect.Method.invoke(Method.java:498)
	at org.junit.runners.model.FrameworkMethod$1.runReflectiveCall(FrameworkMethod.java:50)
	at org.junit.internal.runners.model.ReflectiveCallable.run(ReflectiveCallable.java:12)
	at org.junit.runners.model.FrameworkMethod.invokeExplosively(FrameworkMethod.java:47)
	at org.junit.internal.runners.statements.InvokeMethod.evaluate(InvokeMethod.java:17)
	at org.springframework.test.context.junit4.statements.RunBeforeTestExecutionCallbacks.evaluate(RunBeforeTestExecutionCallbacks.java:73)
	at org.springframework.test.context.junit4.statements.RunAfterTestExecutionCallbacks.evaluate(RunAfterTestExecutionCallbacks.java:83)
	at org.springframework.test.context.junit4.statements.RunBeforeTestMethodCallbacks.evaluate(RunBeforeTestMethodCallbacks.java:75)
	at org.springframework.test.context.junit4.statements.RunAfterTestMethodCallbacks.evaluate(RunAfterTestMethodCallbacks.java:86)
	at org.springframework.test.context.junit4.statements.SpringRepeat.evaluate(SpringRepeat.java:84)
	at org.junit.runners.ParentRunner.runLeaf(ParentRunner.java:325)
	at org.springframework.test.context.junit4.SpringJUnit4ClassRunner.runChild(SpringJUnit4ClassRunner.java:251)
	at org.springframework.test.context.junit4.SpringJUnit4ClassRunner.runChild(SpringJUnit4ClassRunner.java:97)
	at org.junit.runners.ParentRunner$3.run(ParentRunner.java:290)
	at org.junit.runners.ParentRunner$1.schedule(ParentRunner.java:71)
	at org.junit.runners.ParentRunner.runChildren(ParentRunner.java:288)
	at org.junit.runners.ParentRunner.access$000(ParentRunner.java:58)
	at org.junit.runners.ParentRunner$2.evaluate(ParentRunner.java:268)
	at org.springframework.test.context.junit4.statements.RunBeforeTestClassCallbacks.evaluate(RunBeforeTestClassCallbacks.java:61)
	at org.springframework.test.context.junit4.statements.RunAfterTestClassCallbacks.evaluate(RunAfterTestClassCallbacks.java:70)
	at org.junit.runners.ParentRunner.run(ParentRunner.java:363)
	at org.springframework.test.context.junit4.SpringJUnit4ClassRunner.run(SpringJUnit4ClassRunner.java:190)
	at org.junit.runner.JUnitCore.run(JUnitCore.java:137)
	at com.intellij.junit4.JUnit4IdeaTestRunner.startRunnerWithArgs(JUnit4IdeaTestRunner.java:68)
	at com.intellij.rt.execution.junit.IdeaTestRunner$Repeater.startRunnerWithArgs(IdeaTestRunner.java:47)
	at com.intellij.rt.execution.junit.JUnitStarter.prepareStreamsAndStart(JUnitStarter.java:242)
	at com.intellij.rt.execution.junit.JUnitStarter.main(JUnitStarter.java:70)
2019-11-15 17:24:33,632 [main] ERROR o.a.e.i.interceptor.CommandContext 149 - Error while closing command context
org.activiti.engine.ActivitiObjectNotFoundException: Cannot find task with id 06c1615d-0786-11ea-85e2-be62bf819394
	at org.activiti.engine.impl.cmd.NeedsActiveTaskCmd.execute(NeedsActiveTaskCmd.java:49)
	at org.activiti.engine.impl.interceptor.CommandInvoker$1.run(CommandInvoker.java:37)
	at org.activiti.engine.impl.interceptor.CommandInvoker.executeOperation(CommandInvoker.java:78)
	at org.activiti.engine.impl.interceptor.CommandInvoker.executeOperations(CommandInvoker.java:57)
	at org.activiti.engine.impl.interceptor.CommandInvoker.execute(CommandInvoker.java:42)
	at org.activiti.engine.impl.interceptor.TransactionContextInterceptor.execute(TransactionContextInterceptor.java:48)
	at org.activiti.engine.impl.interceptor.CommandContextInterceptor.execute(CommandContextInterceptor.java:59)
	at org.activiti.spring.SpringTransactionInterceptor$1.doInTransaction(SpringTransactionInterceptor.java:47)
	at org.springframework.transaction.support.TransactionTemplate.execute(TransactionTemplate.java:140)
	at org.activiti.spring.SpringTransactionInterceptor.execute(SpringTransactionInterceptor.java:45)
	at org.activiti.engine.impl.interceptor.LogInterceptor.execute(LogInterceptor.java:29)
	at org.activiti.engine.impl.cfg.CommandExecutorImpl.execute(CommandExecutorImpl.java:44)
	at org.activiti.engine.impl.cfg.CommandExecutorImpl.execute(CommandExecutorImpl.java:39)
	at org.activiti.engine.impl.TaskServiceImpl.complete(TaskServiceImpl.java:196)
	at com.induschain.workflow.WorkFlowService.complete(WorkFlowService.java:70)
	at com.induschain.workflow.WorkFlowServiceTest.complete(WorkFlowServiceTest.java:36)
	at sun.reflect.NativeMethodAccessorImpl.invoke0(Native Method)
	at sun.reflect.NativeMethodAccessorImpl.invoke(NativeMethodAccessorImpl.java:62)
	at sun.reflect.DelegatingMethodAccessorImpl.invoke(DelegatingMethodAccessorImpl.java:43)
	at java.lang.reflect.Method.invoke(Method.java:498)
	at org.junit.runners.model.FrameworkMethod$1.runReflectiveCall(FrameworkMethod.java:50)
	at org.junit.internal.runners.model.ReflectiveCallable.run(ReflectiveCallable.java:12)
	at org.junit.runners.model.FrameworkMethod.invokeExplosively(FrameworkMethod.java:47)
	at org.junit.internal.runners.statements.InvokeMethod.evaluate(InvokeMethod.java:17)
	at org.springframework.test.context.junit4.statements.RunBeforeTestExecutionCallbacks.evaluate(RunBeforeTestExecutionCallbacks.java:73)
	at org.springframework.test.context.junit4.statements.RunAfterTestExecutionCallbacks.evaluate(RunAfterTestExecutionCallbacks.java:83)
	at org.springframework.test.context.junit4.statements.RunBeforeTestMethodCallbacks.evaluate(RunBeforeTestMethodCallbacks.java:75)
	at org.springframework.test.context.junit4.statements.RunAfterTestMethodCallbacks.evaluate(RunAfterTestMethodCallbacks.java:86)
	at org.springframework.test.context.junit4.statements.SpringRepeat.evaluate(SpringRepeat.java:84)
	at org.junit.runners.ParentRunner.runLeaf(ParentRunner.java:325)
	at org.springframework.test.context.junit4.SpringJUnit4ClassRunner.runChild(SpringJUnit4ClassRunner.java:251)
	at org.springframework.test.context.junit4.SpringJUnit4ClassRunner.runChild(SpringJUnit4ClassRunner.java:97)
	at org.junit.runners.ParentRunner$3.run(ParentRunner.java:290)
	at org.junit.runners.ParentRunner$1.schedule(ParentRunner.java:71)
	at org.junit.runners.ParentRunner.runChildren(ParentRunner.java:288)
	at org.junit.runners.ParentRunner.access$000(ParentRunner.java:58)
	at org.junit.runners.ParentRunner$2.evaluate(ParentRunner.java:268)
	at org.springframework.test.context.junit4.statements.RunBeforeTestClassCallbacks.evaluate(RunBeforeTestClassCallbacks.java:61)
	at org.springframework.test.context.junit4.statements.RunAfterTestClassCallbacks.evaluate(RunAfterTestClassCallbacks.java:70)
	at org.junit.runners.ParentRunner.run(ParentRunner.java:363)
	at org.springframework.test.context.junit4.SpringJUnit4ClassRunner.run(SpringJUnit4ClassRunner.java:190)
	at org.junit.runner.JUnitCore.run(JUnitCore.java:137)
	at com.intellij.junit4.JUnit4IdeaTestRunner.startRunnerWithArgs(JUnit4IdeaTestRunner.java:68)
	at com.intellij.rt.execution.junit.IdeaTestRunner$Repeater.startRunnerWithArgs(IdeaTestRunner.java:47)
	at com.intellij.rt.execution.junit.JUnitStarter.prepareStreamsAndStart(JUnitStarter.java:242)
	at com.intellij.rt.execution.junit.JUnitStarter.main(JUnitStarter.java:70)
2019-11-15 17:26:34,726 [main] ERROR o.a.e.i.interceptor.CommandContext 149 - Error while closing command context
de.odysseus.el.tree.TreeBuilderException: Error parsing '${pass=true}': lexical error at position 6, encountered invalid character '=', expected expression token
	at de.odysseus.el.tree.impl.Builder.build(Builder.java:108)
	at de.odysseus.el.tree.TreeStore.get(TreeStore.java:61)
	at de.odysseus.el.TreeValueExpression.<init>(TreeValueExpression.java:70)
	at de.odysseus.el.ExpressionFactoryImpl.createValueExpression(ExpressionFactoryImpl.java:445)
	at de.odysseus.el.ExpressionFactoryImpl.createValueExpression(ExpressionFactoryImpl.java:78)
	at org.activiti.engine.impl.el.ExpressionManager.createExpression(ExpressionManager.java:75)
	at org.activiti.engine.impl.util.condition.ConditionUtil.hasTrueCondition(ConditionUtil.java:32)
	at org.activiti.engine.impl.bpmn.behavior.ExclusiveGatewayActivityBehavior.leave(ExclusiveGatewayActivityBehavior.java:75)
	at org.activiti.engine.impl.bpmn.behavior.FlowNodeActivityBehavior.execute(FlowNodeActivityBehavior.java:38)
	at org.activiti.engine.impl.agenda.ContinueProcessOperation.executeActivityBehavior(ContinueProcessOperation.java:210)
	at org.activiti.engine.impl.agenda.ContinueProcessOperation.executeSynchronous(ContinueProcessOperation.java:146)
	at org.activiti.engine.impl.agenda.ContinueProcessOperation.continueThroughFlowNode(ContinueProcessOperation.java:101)
	at org.activiti.engine.impl.agenda.ContinueProcessOperation.run(ContinueProcessOperation.java:66)
	at org.activiti.engine.impl.interceptor.CommandInvoker.executeOperation(CommandInvoker.java:73)
	at org.activiti.engine.impl.interceptor.CommandInvoker.executeOperations(CommandInvoker.java:57)
	at org.activiti.engine.impl.interceptor.CommandInvoker.execute(CommandInvoker.java:42)
	at org.activiti.engine.impl.interceptor.TransactionContextInterceptor.execute(TransactionContextInterceptor.java:48)
	at org.activiti.engine.impl.interceptor.CommandContextInterceptor.execute(CommandContextInterceptor.java:59)
	at org.activiti.spring.SpringTransactionInterceptor$1.doInTransaction(SpringTransactionInterceptor.java:47)
	at org.springframework.transaction.support.TransactionTemplate.execute(TransactionTemplate.java:140)
	at org.activiti.spring.SpringTransactionInterceptor.execute(SpringTransactionInterceptor.java:45)
	at org.activiti.engine.impl.interceptor.LogInterceptor.execute(LogInterceptor.java:29)
	at org.activiti.engine.impl.cfg.CommandExecutorImpl.execute(CommandExecutorImpl.java:44)
	at org.activiti.engine.impl.cfg.CommandExecutorImpl.execute(CommandExecutorImpl.java:39)
	at org.activiti.engine.impl.TaskServiceImpl.complete(TaskServiceImpl.java:196)
	at com.induschain.workflow.WorkFlowService.complete(WorkFlowService.java:70)
	at com.induschain.workflow.WorkFlowServiceTest.complete(WorkFlowServiceTest.java:36)
	at sun.reflect.NativeMethodAccessorImpl.invoke0(Native Method)
	at sun.reflect.NativeMethodAccessorImpl.invoke(NativeMethodAccessorImpl.java:62)
	at sun.reflect.DelegatingMethodAccessorImpl.invoke(DelegatingMethodAccessorImpl.java:43)
	at java.lang.reflect.Method.invoke(Method.java:498)
	at org.junit.runners.model.FrameworkMethod$1.runReflectiveCall(FrameworkMethod.java:50)
	at org.junit.internal.runners.model.ReflectiveCallable.run(ReflectiveCallable.java:12)
	at org.junit.runners.model.FrameworkMethod.invokeExplosively(FrameworkMethod.java:47)
	at org.junit.internal.runners.statements.InvokeMethod.evaluate(InvokeMethod.java:17)
	at org.springframework.test.context.junit4.statements.RunBeforeTestExecutionCallbacks.evaluate(RunBeforeTestExecutionCallbacks.java:73)
	at org.springframework.test.context.junit4.statements.RunAfterTestExecutionCallbacks.evaluate(RunAfterTestExecutionCallbacks.java:83)
	at org.springframework.test.context.junit4.statements.RunBeforeTestMethodCallbacks.evaluate(RunBeforeTestMethodCallbacks.java:75)
	at org.springframework.test.context.junit4.statements.RunAfterTestMethodCallbacks.evaluate(RunAfterTestMethodCallbacks.java:86)
	at org.springframework.test.context.junit4.statements.SpringRepeat.evaluate(SpringRepeat.java:84)
	at org.junit.runners.ParentRunner.runLeaf(ParentRunner.java:325)
	at org.springframework.test.context.junit4.SpringJUnit4ClassRunner.runChild(SpringJUnit4ClassRunner.java:251)
	at org.springframework.test.context.junit4.SpringJUnit4ClassRunner.runChild(SpringJUnit4ClassRunner.java:97)
	at org.junit.runners.ParentRunner$3.run(ParentRunner.java:290)
	at org.junit.runners.ParentRunner$1.schedule(ParentRunner.java:71)
	at org.junit.runners.ParentRunner.runChildren(ParentRunner.java:288)
	at org.junit.runners.ParentRunner.access$000(ParentRunner.java:58)
	at org.junit.runners.ParentRunner$2.evaluate(ParentRunner.java:268)
	at org.springframework.test.context.junit4.statements.RunBeforeTestClassCallbacks.evaluate(RunBeforeTestClassCallbacks.java:61)
	at org.springframework.test.context.junit4.statements.RunAfterTestClassCallbacks.evaluate(RunAfterTestClassCallbacks.java:70)
	at org.junit.runners.ParentRunner.run(ParentRunner.java:363)
	at org.springframework.test.context.junit4.SpringJUnit4ClassRunner.run(SpringJUnit4ClassRunner.java:190)
	at org.junit.runner.JUnitCore.run(JUnitCore.java:137)
	at com.intellij.junit4.JUnit4IdeaTestRunner.startRunnerWithArgs(JUnit4IdeaTestRunner.java:68)
	at com.intellij.rt.execution.junit.IdeaTestRunner$Repeater.startRunnerWithArgs(IdeaTestRunner.java:47)
	at com.intellij.rt.execution.junit.JUnitStarter.prepareStreamsAndStart(JUnitStarter.java:242)
	at com.intellij.rt.execution.junit.JUnitStarter.main(JUnitStarter.java:70)
