2019-11-14 22:14:54,431 [main] INFO  c.i.workflow.WorkFlowServiceTest 50 - Starting WorkFlowServiceTest on 192.168.0.102 with PID 95001 (started by chenyunyun in /Users/chenyunyun/Documents/产链数字科技/dataplatform/core)
2019-11-14 22:14:54,435 [main] INFO  c.i.workflow.WorkFlowServiceTest 654 - No active profile set, falling back to default profiles: default
2019-11-14 22:14:54,675 [main] INFO  o.s.w.c.s.GenericWebApplicationContext 588 - Refreshing org.springframework.web.context.support.GenericWebApplicationContext@1890516e: startup date [Thu Nov 14 22:14:54 CST 2019]; root of context hierarchy
2019-11-14 22:15:00,304 [main] INFO  o.s.c.s.PostProcessorRegistrationDelegate$BeanPostProcessorChecker 326 - Bean 'org.springframework.security.config.annotation.configuration.ObjectPostProcessorConfiguration' of type [org.springframework.security.config.annotation.configuration.ObjectPostProcessorConfiguration$$EnhancerBySpringCGLIB$$b65a761] is not eligible for getting processed by all BeanPostProcessors (for example: not eligible for auto-proxying)
2019-11-14 22:15:00,344 [main] INFO  o.s.c.s.PostProcessorRegistrationDelegate$BeanPostProcessorChecker 326 - Bean 'objectPostProcessor' of type [org.springframework.security.config.annotation.configuration.AutowireBeanFactoryObjectPostProcessor] is not eligible for getting processed by all BeanPostProcessors (for example: not eligible for auto-proxying)
2019-11-14 22:15:00,350 [main] INFO  o.s.c.s.PostProcessorRegistrationDelegate$BeanPostProcessorChecker 326 - Bean 'org.springframework.security.access.expression.method.DefaultMethodSecurityExpressionHandler@27976390' of type [org.springframework.security.access.expression.method.DefaultMethodSecurityExpressionHandler] is not eligible for getting processed by all BeanPostProcessors (for example: not eligible for auto-proxying)
2019-11-14 22:15:00,366 [main] INFO  o.s.c.s.PostProcessorRegistrationDelegate$BeanPostProcessorChecker 326 - Bean 'org.springframework.security.config.annotation.method.configuration.Jsr250MetadataSourceConfiguration' of type [org.springframework.security.config.annotation.method.configuration.Jsr250MetadataSourceConfiguration$$EnhancerBySpringCGLIB$$558f6229] is not eligible for getting processed by all BeanPostProcessors (for example: not eligible for auto-proxying)
2019-11-14 22:15:00,377 [main] INFO  o.s.c.s.PostProcessorRegistrationDelegate$BeanPostProcessorChecker 326 - Bean 'jsr250MethodSecurityMetadataSource' of type [org.springframework.security.access.annotation.Jsr250MethodSecurityMetadataSource] is not eligible for getting processed by all BeanPostProcessors (for example: not eligible for auto-proxying)
2019-11-14 22:15:00,383 [main] INFO  o.s.c.s.PostProcessorRegistrationDelegate$BeanPostProcessorChecker 326 - Bean 'methodSecurityConfig' of type [org.activiti.spring.boot.MethodSecurityConfig$$EnhancerBySpringCGLIB$$97f9754f] is not eligible for getting processed by all BeanPostProcessors (for example: not eligible for auto-proxying)
2019-11-14 22:15:00,408 [main] INFO  o.s.c.s.PostProcessorRegistrationDelegate$BeanPostProcessorChecker 326 - Bean 'methodSecurityMetadataSource' of type [org.springframework.security.access.method.DelegatingMethodSecurityMetadataSource] is not eligible for getting processed by all BeanPostProcessors (for example: not eligible for auto-proxying)
2019-11-14 22:15:00,576 [main] INFO  o.s.b.a.s.s.UserDetailsServiceAutoConfiguration 86 - 

Using generated security password: 1b6d6b84-606c-4d43-8056-2cef89bd0f9d

2019-11-14 22:15:02,432 [main] INFO  o.s.w.s.h.SimpleUrlHandlerMapping 373 - Mapped URL path [/**/favicon.ico] onto handler of type [class org.springframework.web.servlet.resource.ResourceHttpRequestHandler]
2019-11-14 22:15:03,358 [main] INFO  o.s.w.s.m.m.a.RequestMappingHandlerAdapter 588 - Looking for @ControllerAdvice: org.springframework.web.context.support.GenericWebApplicationContext@1890516e: startup date [Thu Nov 14 22:14:54 CST 2019]; root of context hierarchy
2019-11-14 22:15:03,647 [main] INFO  o.s.w.s.m.m.a.RequestMappingHandlerMapping 550 - Mapped "{[/error]}" onto public org.springframework.http.ResponseEntity<java.util.Map<java.lang.String, java.lang.Object>> org.springframework.boot.autoconfigure.web.servlet.error.BasicErrorController.error(javax.servlet.http.HttpServletRequest)
2019-11-14 22:15:03,649 [main] INFO  o.s.w.s.m.m.a.RequestMappingHandlerMapping 550 - Mapped "{[/error],produces=[text/html]}" onto public org.springframework.web.servlet.ModelAndView org.springframework.boot.autoconfigure.web.servlet.error.BasicErrorController.errorHtml(javax.servlet.http.HttpServletRequest,javax.servlet.http.HttpServletResponse)
2019-11-14 22:15:03,790 [main] INFO  o.s.w.s.h.SimpleUrlHandlerMapping 373 - Mapped URL path [/webjars/**] onto handler of type [class org.springframework.web.servlet.resource.ResourceHttpRequestHandler]
2019-11-14 22:15:03,791 [main] INFO  o.s.w.s.h.SimpleUrlHandlerMapping 373 - Mapped URL path [/**] onto handler of type [class org.springframework.web.servlet.resource.ResourceHttpRequestHandler]
2019-11-14 22:15:04,134 [main] WARN  o.s.w.c.s.GenericWebApplicationContext 556 - Exception encountered during context initialization - cancelling refresh attempt: org.springframework.beans.factory.UnsatisfiedDependencyException: Error creating bean with name 'springProcessEngineConfiguration' defined in class path resource [org/activiti/spring/boot/ProcessEngineAutoConfiguration.class]: Unsatisfied dependency expressed through method 'springProcessEngineConfiguration' parameter 0; nested exception is org.springframework.beans.factory.NoSuchBeanDefinitionException: No qualifying bean of type 'javax.sql.DataSource' available: expected at least 1 bean which qualifies as autowire candidate. Dependency annotations: {}
2019-11-14 22:15:04,217 [main] INFO  o.s.b.a.l.ConditionEvaluationReportLoggingListener 142 - 

Error starting ApplicationContext. To display the conditions report re-run your application with 'debug' enabled.
