2019-11-15 16:29:30,853 [main] INFO  c.i.starter.SpringBootStarter 50 - Starting SpringBootStarter on chenyunyundeMacBook-Air.local with PID 73084 (started by chenyunyun in /Users/chenyunyun/Documents/产链数字科技/dataplatform)
2019-11-15 16:29:30,874 [main] INFO  c.i.starter.SpringBootStarter 654 - No active profile set, falling back to default profiles: default
2019-11-15 16:29:31,031 [main] INFO  o.s.b.w.s.c.AnnotationConfigServletWebServerApplicationContext 588 - Refreshing org.springframework.boot.web.servlet.context.AnnotationConfigServletWebServerApplicationContext@6743e411: startup date [Fri Nov 15 16:29:31 CST 2019]; root of context hierarchy
2019-11-15 16:29:34,729 [main] INFO  o.s.c.s.PostProcessorRegistrationDelegate$BeanPostProcessorChecker 326 - Bean 'org.springframework.transaction.annotation.ProxyTransactionManagementConfiguration' of type [org.springframework.transaction.annotation.ProxyTransactionManagementConfiguration$$EnhancerBySpringCGLIB$$37d01621] is not eligible for getting processed by all BeanPostProcessors (for example: not eligible for auto-proxying)
2019-11-15 16:29:34,882 [main] INFO  o.s.c.s.PostProcessorRegistrationDelegate$BeanPostProcessorChecker 326 - Bean 'org.springframework.security.config.annotation.method.configuration.Jsr250MetadataSourceConfiguration' of type [org.springframework.security.config.annotation.method.configuration.Jsr250MetadataSourceConfiguration$$EnhancerBySpringCGLIB$$1aa79923] is not eligible for getting processed by all BeanPostProcessors (for example: not eligible for auto-proxying)
2019-11-15 16:29:34,893 [main] INFO  o.s.c.s.PostProcessorRegistrationDelegate$BeanPostProcessorChecker 326 - Bean 'jsr250MethodSecurityMetadataSource' of type [org.springframework.security.access.annotation.Jsr250MethodSecurityMetadataSource] is not eligible for getting processed by all BeanPostProcessors (for example: not eligible for auto-proxying)
2019-11-15 16:29:34,912 [main] INFO  o.s.c.s.PostProcessorRegistrationDelegate$BeanPostProcessorChecker 326 - Bean 'org.springframework.security.config.annotation.configuration.ObjectPostProcessorConfiguration' of type [org.springframework.security.config.annotation.configuration.ObjectPostProcessorConfiguration$$EnhancerBySpringCGLIB$$d07dde5b] is not eligible for getting processed by all BeanPostProcessors (for example: not eligible for auto-proxying)
2019-11-15 16:29:34,932 [main] INFO  o.s.c.s.PostProcessorRegistrationDelegate$BeanPostProcessorChecker 326 - Bean 'objectPostProcessor' of type [org.springframework.security.config.annotation.configuration.AutowireBeanFactoryObjectPostProcessor] is not eligible for getting processed by all BeanPostProcessors (for example: not eligible for auto-proxying)
2019-11-15 16:29:34,942 [main] INFO  o.s.c.s.PostProcessorRegistrationDelegate$BeanPostProcessorChecker 326 - Bean 'org.springframework.security.access.expression.method.DefaultMethodSecurityExpressionHandler@69364b2d' of type [org.springframework.security.access.expression.method.DefaultMethodSecurityExpressionHandler] is not eligible for getting processed by all BeanPostProcessors (for example: not eligible for auto-proxying)
2019-11-15 16:29:34,960 [main] INFO  o.s.c.s.PostProcessorRegistrationDelegate$BeanPostProcessorChecker 326 - Bean 'methodSecurityConfig' of type [org.activiti.spring.boot.MethodSecurityConfig$$EnhancerBySpringCGLIB$$5d11ac49] is not eligible for getting processed by all BeanPostProcessors (for example: not eligible for auto-proxying)
2019-11-15 16:29:34,994 [main] INFO  o.s.c.s.PostProcessorRegistrationDelegate$BeanPostProcessorChecker 326 - Bean 'methodSecurityMetadataSource' of type [org.springframework.security.access.method.DelegatingMethodSecurityMetadataSource] is not eligible for getting processed by all BeanPostProcessors (for example: not eligible for auto-proxying)
2019-11-15 16:29:35,990 [main] INFO  o.s.b.w.e.tomcat.TomcatWebServer 91 - Tomcat initialized with port(s): 8080 (http)
2019-11-15 16:29:36,020 [main] INFO  o.a.coyote.http11.Http11NioProtocol 180 - Initializing ProtocolHandler ["http-nio-8080"]
2019-11-15 16:29:36,057 [main] INFO  o.a.catalina.core.StandardService 180 - Starting service [Tomcat]
2019-11-15 16:29:36,058 [main] INFO  o.a.catalina.core.StandardEngine 180 - Starting Servlet Engine: Apache Tomcat/8.5.35
2019-11-15 16:29:36,122 [localhost-startStop-1] INFO  o.a.c.core.AprLifecycleListener 180 - The APR based Apache Tomcat Native library which allows optimal performance in production environments was not found on the java.library.path: [/Users/chenyunyun/Library/Java/Extensions:/Library/Java/Extensions:/Network/Library/Java/Extensions:/System/Library/Java/Extensions:/usr/lib/java:.]
2019-11-15 16:29:36,324 [localhost-startStop-1] INFO  o.a.c.c.C.[.[localhost].[/demo] 180 - Initializing Spring embedded WebApplicationContext
2019-11-15 16:29:36,325 [localhost-startStop-1] INFO  o.s.web.context.ContextLoader 296 - Root WebApplicationContext: initialization completed in 5295 ms
2019-11-15 16:29:37,071 [localhost-startStop-1] INFO  o.s.b.a.s.s.UserDetailsServiceAutoConfiguration 86 - 

Using generated security password: 1fed890e-61c9-4465-b174-a9aa5b516563

2019-11-15 16:29:37,401 [localhost-startStop-1] INFO  com.zaxxer.hikari.HikariDataSource 110 - HikariPool-1 - Starting...
2019-11-15 16:29:37,405 [localhost-startStop-1] WARN  c.z.hikari.util.DriverDataSource 68 - Registered driver with driverClassName=com.mysql.jdbc.Driver was not found, trying direct instantiation.
2019-11-15 16:29:37,705 [localhost-startStop-1] INFO  com.zaxxer.hikari.HikariDataSource 123 - HikariPool-1 - Start completed.
2019-11-15 16:29:37,816 [localhost-startStop-1] INFO  o.s.o.j.LocalContainerEntityManagerFactoryBean 361 - Building JPA container EntityManagerFactory for persistence unit 'default'
2019-11-15 16:29:37,868 [localhost-startStop-1] INFO  o.h.jpa.internal.util.LogHelper 31 - HHH000204: Processing PersistenceUnitInfo [
	name: default
	...]
2019-11-15 16:29:38,130 [localhost-startStop-1] INFO  org.hibernate.Version 45 - HHH000412: Hibernate Core {5.2.17.Final}
2019-11-15 16:29:38,134 [localhost-startStop-1] INFO  org.hibernate.cfg.Environment 213 - HHH000206: hibernate.properties not found
2019-11-15 16:29:38,262 [localhost-startStop-1] INFO  o.h.annotations.common.Version 66 - HCANN000001: Hibernate Commons Annotations {5.0.1.Final}
2019-11-15 16:29:38,635 [localhost-startStop-1] INFO  org.hibernate.dialect.Dialect 157 - HHH000400: Using dialect: org.hibernate.dialect.MySQL5Dialect
2019-11-15 16:29:39,184 [localhost-startStop-1] INFO  o.s.o.j.LocalContainerEntityManagerFactoryBean 415 - Initialized JPA EntityManagerFactory for persistence unit 'default'
2019-11-15 16:29:46,100 [localhost-startStop-1] INFO  o.a.s.b.ProcessDefinitionResourceFinder 55 - The following process definition files will be deployed: [请假审批.bpmn]
2019-11-15 16:29:46,334 [localhost-startStop-1] INFO  o.a.e.i.c.ProcessEngineConfigurationImpl 1550 - Found 1 Process Engine Configurators in total:
2019-11-15 16:29:46,335 [localhost-startStop-1] INFO  o.a.e.i.c.ProcessEngineConfigurationImpl 1552 - class org.activiti.spring.process.autoconfigure.ProcessExtensionsConfiguratorAutoConfiguration$$EnhancerBySpringCGLIB$$ae0dd3e7 (priority:10000)
2019-11-15 16:29:46,335 [localhost-startStop-1] INFO  o.a.e.i.c.ProcessEngineConfigurationImpl 1562 - Executing beforeInit() of class org.activiti.spring.process.autoconfigure.ProcessExtensionsConfiguratorAutoConfiguration$$EnhancerBySpringCGLIB$$ae0dd3e7 (priority:10000)
2019-11-15 16:29:47,525 [localhost-startStop-1] INFO  o.a.e.i.c.ProcessEngineConfigurationImpl 1569 - Executing configure() of class org.activiti.spring.process.autoconfigure.ProcessExtensionsConfiguratorAutoConfiguration$$EnhancerBySpringCGLIB$$ae0dd3e7 (priority:10000)
2019-11-15 16:29:47,623 [localhost-startStop-1] INFO  o.a.engine.impl.ProcessEngineImpl 74 - ProcessEngine default created
2019-11-15 16:29:48,570 [localhost-startStop-1] INFO  o.s.b.w.s.FilterRegistrationBean 245 - Mapping filter: 'characterEncodingFilter' to: [/*]
2019-11-15 16:29:48,571 [localhost-startStop-1] INFO  o.s.b.w.s.FilterRegistrationBean 245 - Mapping filter: 'webMvcMetricsFilter' to: [/*]
2019-11-15 16:29:48,572 [localhost-startStop-1] INFO  o.s.b.w.s.FilterRegistrationBean 245 - Mapping filter: 'hiddenHttpMethodFilter' to: [/*]
2019-11-15 16:29:48,572 [localhost-startStop-1] INFO  o.s.b.w.s.FilterRegistrationBean 245 - Mapping filter: 'httpPutFormContentFilter' to: [/*]
2019-11-15 16:29:48,572 [localhost-startStop-1] INFO  o.s.b.w.s.FilterRegistrationBean 245 - Mapping filter: 'requestContextFilter' to: [/*]
2019-11-15 16:29:48,573 [localhost-startStop-1] INFO  o.s.b.w.s.DelegatingFilterProxyRegistrationBean 245 - Mapping filter: 'springSecurityFilterChain' to: [/*]
2019-11-15 16:29:48,574 [localhost-startStop-1] INFO  o.s.b.w.s.FilterRegistrationBean 245 - Mapping filter: 'httpTraceFilter' to: [/*]
2019-11-15 16:29:48,574 [localhost-startStop-1] INFO  o.s.b.w.s.ServletRegistrationBean 187 - Servlet dispatcherServlet mapped to [/]
2019-11-15 16:29:48,986 [main] INFO  o.s.w.s.h.SimpleUrlHandlerMapping 373 - Mapped URL path [/**/favicon.ico] onto handler of type [class org.springframework.web.servlet.resource.ResourceHttpRequestHandler]
2019-11-15 16:29:49,345 [main] INFO  o.s.w.s.m.m.a.RequestMappingHandlerAdapter 588 - Looking for @ControllerAdvice: org.springframework.boot.web.servlet.context.AnnotationConfigServletWebServerApplicationContext@6743e411: startup date [Fri Nov 15 16:29:31 CST 2019]; root of context hierarchy
2019-11-15 16:29:49,417 [main] WARN  o.s.b.a.o.j.JpaBaseConfiguration$JpaWebConfiguration$JpaWebMvcConfiguration 237 - spring.jpa.open-in-view is enabled by default. Therefore, database queries may be performed during view rendering. Explicitly configure spring.jpa.open-in-view to disable this warning
2019-11-15 16:29:49,472 [main] INFO  o.s.w.s.m.m.a.RequestMappingHandlerMapping 550 - Mapped "{[/error]}" onto public org.springframework.http.ResponseEntity<java.util.Map<java.lang.String, java.lang.Object>> org.springframework.boot.autoconfigure.web.servlet.error.BasicErrorController.error(javax.servlet.http.HttpServletRequest)
2019-11-15 16:29:49,474 [main] INFO  o.s.w.s.m.m.a.RequestMappingHandlerMapping 550 - Mapped "{[/error],produces=[text/html]}" onto public org.springframework.web.servlet.ModelAndView org.springframework.boot.autoconfigure.web.servlet.error.BasicErrorController.errorHtml(javax.servlet.http.HttpServletRequest,javax.servlet.http.HttpServletResponse)
2019-11-15 16:29:49,535 [main] INFO  o.s.w.s.h.SimpleUrlHandlerMapping 373 - Mapped URL path [/webjars/**] onto handler of type [class org.springframework.web.servlet.resource.ResourceHttpRequestHandler]
2019-11-15 16:29:49,536 [main] INFO  o.s.w.s.h.SimpleUrlHandlerMapping 373 - Mapped URL path [/**] onto handler of type [class org.springframework.web.servlet.resource.ResourceHttpRequestHandler]
2019-11-15 16:29:51,587 [main] INFO  o.s.s.web.DefaultSecurityFilterChain 43 - Creating filter chain: org.springframework.security.web.util.matcher.AnyRequestMatcher@1, [org.springframework.security.web.context.request.async.WebAsyncManagerIntegrationFilter@171aa66, org.springframework.security.web.context.SecurityContextPersistenceFilter@3095d401, org.springframework.security.web.header.HeaderWriterFilter@62cd562d, org.springframework.security.web.csrf.CsrfFilter@16ea0f22, org.springframework.security.web.authentication.logout.LogoutFilter@50ff7063, org.springframework.security.web.authentication.UsernamePasswordAuthenticationFilter@6b24ddd7, org.springframework.security.web.authentication.ui.DefaultLoginPageGeneratingFilter@1f45db49, org.springframework.security.web.authentication.www.BasicAuthenticationFilter@315b4202, org.springframework.security.web.savedrequest.RequestCacheAwareFilter@687a0e40, org.springframework.security.web.servletapi.SecurityContextHolderAwareRequestFilter@4fad51a3, org.springframework.security.web.authentication.AnonymousAuthenticationFilter@58739e5e, org.springframework.security.web.session.SessionManagementFilter@4e7bc939, org.springframework.security.web.access.ExceptionTranslationFilter@2a7ebe07, org.springframework.security.web.access.intercept.FilterSecurityInterceptor@45571cfc]
2019-11-15 16:29:51,640 [main] INFO  o.s.b.a.e.web.EndpointLinksResolver 59 - Exposing 2 endpoint(s) beneath base path '/actuator'
2019-11-15 16:29:51,665 [main] INFO  o.s.b.a.e.w.s.WebMvcEndpointHandlerMapping 550 - Mapped "{[/actuator/health],methods=[GET],produces=[application/vnd.spring-boot.actuator.v2+json || application/json]}" onto public java.lang.Object org.springframework.boot.actuate.endpoint.web.servlet.AbstractWebMvcEndpointHandlerMapping$OperationHandler.handle(javax.servlet.http.HttpServletRequest,java.util.Map<java.lang.String, java.lang.String>)
2019-11-15 16:29:51,667 [main] INFO  o.s.b.a.e.w.s.WebMvcEndpointHandlerMapping 550 - Mapped "{[/actuator/info],methods=[GET],produces=[application/vnd.spring-boot.actuator.v2+json || application/json]}" onto public java.lang.Object org.springframework.boot.actuate.endpoint.web.servlet.AbstractWebMvcEndpointHandlerMapping$OperationHandler.handle(javax.servlet.http.HttpServletRequest,java.util.Map<java.lang.String, java.lang.String>)
2019-11-15 16:29:51,669 [main] INFO  o.s.b.a.e.w.s.WebMvcEndpointHandlerMapping 550 - Mapped "{[/actuator],methods=[GET],produces=[application/vnd.spring-boot.actuator.v2+json || application/json]}" onto protected java.util.Map<java.lang.String, java.util.Map<java.lang.String, org.springframework.boot.actuate.endpoint.web.Link>> org.springframework.boot.actuate.endpoint.web.servlet.WebMvcEndpointHandlerMapping.links(javax.servlet.http.HttpServletRequest,javax.servlet.http.HttpServletResponse)
2019-11-15 16:29:51,875 [main] INFO  o.s.j.e.a.AnnotationMBeanExporter 433 - Registering beans for JMX exposure on startup
2019-11-15 16:29:51,879 [main] INFO  o.s.j.e.a.AnnotationMBeanExporter 895 - Bean with name 'dataSource' has been autodetected for JMX exposure
2019-11-15 16:29:51,891 [main] INFO  o.s.j.e.a.AnnotationMBeanExporter 668 - Located MBean 'dataSource': registering with JMX server as MBean [com.zaxxer.hikari:name=dataSource,type=HikariDataSource]
2019-11-15 16:29:51,915 [main] INFO  o.a.coyote.http11.Http11NioProtocol 180 - Starting ProtocolHandler ["http-nio-8080"]
2019-11-15 16:29:51,942 [main] INFO  o.a.tomcat.util.net.NioSelectorPool 180 - Using a shared selector for servlet write/read
2019-11-15 16:29:51,969 [main] INFO  o.s.b.w.e.tomcat.TomcatWebServer 206 - Tomcat started on port(s): 8080 (http) with context path '/demo'
2019-11-15 16:29:51,975 [main] INFO  c.i.starter.SpringBootStarter 59 - Started SpringBootStarter in 22.678 seconds (JVM running for 24.482)
2019-11-15 16:29:52,491 [RMI TCP Connection(3)-10.1.42.210] INFO  o.a.c.c.C.[.[localhost].[/demo] 180 - Initializing Spring FrameworkServlet 'dispatcherServlet'
2019-11-15 16:29:52,492 [RMI TCP Connection(3)-10.1.42.210] INFO  o.s.web.servlet.DispatcherServlet 497 - FrameworkServlet 'dispatcherServlet': initialization started
2019-11-15 16:29:52,532 [RMI TCP Connection(3)-10.1.42.210] INFO  o.s.web.servlet.DispatcherServlet 512 - FrameworkServlet 'dispatcherServlet': initialization completed in 40 ms
2019-11-15 16:29:52,577 [main] INFO  c.i.starter.SpringBootStarter 29 - spring boot启动耗时:23515 ms
2019-11-15 16:32:58,893 [Thread-50] INFO  o.s.b.w.s.c.AnnotationConfigServletWebServerApplicationContext 991 - Closing org.springframework.boot.web.servlet.context.AnnotationConfigServletWebServerApplicationContext@6743e411: startup date [Fri Nov 15 16:29:31 CST 2019]; root of context hierarchy
2019-11-15 16:32:58,976 [Thread-50] INFO  o.s.j.e.a.AnnotationMBeanExporter 451 - Unregistering JMX-exposed beans on shutdown
2019-11-15 16:32:58,981 [Thread-50] INFO  o.s.j.e.a.AnnotationMBeanExporter 185 - Unregistering JMX-exposed beans
2019-11-15 16:32:59,007 [Thread-50] INFO  o.s.o.j.LocalContainerEntityManagerFactoryBean 597 - Closing JPA EntityManagerFactory for persistence unit 'default'
2019-11-15 16:32:59,014 [Thread-50] INFO  com.zaxxer.hikari.HikariDataSource 381 - HikariPool-1 - Shutdown initiated...
2019-11-15 16:32:59,030 [Thread-50] INFO  com.zaxxer.hikari.HikariDataSource 383 - HikariPool-1 - Shutdown completed.
2019-11-15 16:33:08,579 [main] INFO  c.i.starter.SpringBootStarter 50 - Starting SpringBootStarter on chenyunyundeMacBook-Air.local with PID 74214 (started by chenyunyun in /Users/chenyunyun/Documents/产链数字科技/dataplatform)
2019-11-15 16:33:08,598 [main] INFO  c.i.starter.SpringBootStarter 654 - No active profile set, falling back to default profiles: default
2019-11-15 16:33:08,789 [main] INFO  o.s.b.w.s.c.AnnotationConfigServletWebServerApplicationContext 588 - Refreshing org.springframework.boot.web.servlet.context.AnnotationConfigServletWebServerApplicationContext@477b4cdf: startup date [Fri Nov 15 16:33:08 CST 2019]; root of context hierarchy
2019-11-15 16:33:12,018 [main] INFO  o.s.c.s.PostProcessorRegistrationDelegate$BeanPostProcessorChecker 326 - Bean 'org.springframework.transaction.annotation.ProxyTransactionManagementConfiguration' of type [org.springframework.transaction.annotation.ProxyTransactionManagementConfiguration$$EnhancerBySpringCGLIB$$f7807042] is not eligible for getting processed by all BeanPostProcessors (for example: not eligible for auto-proxying)
2019-11-15 16:33:12,097 [main] INFO  o.s.c.s.PostProcessorRegistrationDelegate$BeanPostProcessorChecker 326 - Bean 'org.springframework.security.config.annotation.configuration.ObjectPostProcessorConfiguration' of type [org.springframework.security.config.annotation.configuration.ObjectPostProcessorConfiguration$$EnhancerBySpringCGLIB$$902e387c] is not eligible for getting processed by all BeanPostProcessors (for example: not eligible for auto-proxying)
2019-11-15 16:33:12,112 [main] INFO  o.s.c.s.PostProcessorRegistrationDelegate$BeanPostProcessorChecker 326 - Bean 'objectPostProcessor' of type [org.springframework.security.config.annotation.configuration.AutowireBeanFactoryObjectPostProcessor] is not eligible for getting processed by all BeanPostProcessors (for example: not eligible for auto-proxying)
2019-11-15 16:33:12,115 [main] INFO  o.s.c.s.PostProcessorRegistrationDelegate$BeanPostProcessorChecker 326 - Bean 'org.springframework.security.access.expression.method.DefaultMethodSecurityExpressionHandler@4e0cc334' of type [org.springframework.security.access.expression.method.DefaultMethodSecurityExpressionHandler] is not eligible for getting processed by all BeanPostProcessors (for example: not eligible for auto-proxying)
2019-11-15 16:33:12,127 [main] INFO  o.s.c.s.PostProcessorRegistrationDelegate$BeanPostProcessorChecker 326 - Bean 'org.springframework.security.config.annotation.method.configuration.Jsr250MetadataSourceConfiguration' of type [org.springframework.security.config.annotation.method.configuration.Jsr250MetadataSourceConfiguration$$EnhancerBySpringCGLIB$$da57f344] is not eligible for getting processed by all BeanPostProcessors (for example: not eligible for auto-proxying)
2019-11-15 16:33:12,136 [main] INFO  o.s.c.s.PostProcessorRegistrationDelegate$BeanPostProcessorChecker 326 - Bean 'jsr250MethodSecurityMetadataSource' of type [org.springframework.security.access.annotation.Jsr250MethodSecurityMetadataSource] is not eligible for getting processed by all BeanPostProcessors (for example: not eligible for auto-proxying)
2019-11-15 16:33:12,141 [main] INFO  o.s.c.s.PostProcessorRegistrationDelegate$BeanPostProcessorChecker 326 - Bean 'methodSecurityConfig' of type [org.activiti.spring.boot.MethodSecurityConfig$$EnhancerBySpringCGLIB$$1cc2066a] is not eligible for getting processed by all BeanPostProcessors (for example: not eligible for auto-proxying)
2019-11-15 16:33:12,156 [main] INFO  o.s.c.s.PostProcessorRegistrationDelegate$BeanPostProcessorChecker 326 - Bean 'methodSecurityMetadataSource' of type [org.springframework.security.access.method.DelegatingMethodSecurityMetadataSource] is not eligible for getting processed by all BeanPostProcessors (for example: not eligible for auto-proxying)
2019-11-15 16:33:12,747 [main] INFO  o.s.b.w.e.tomcat.TomcatWebServer 91 - Tomcat initialized with port(s): 8080 (http)
2019-11-15 16:33:12,768 [main] INFO  o.a.coyote.http11.Http11NioProtocol 180 - Initializing ProtocolHandler ["http-nio-8080"]
2019-11-15 16:33:12,818 [main] INFO  o.a.catalina.core.StandardService 180 - Starting service [Tomcat]
2019-11-15 16:33:12,819 [main] INFO  o.a.catalina.core.StandardEngine 180 - Starting Servlet Engine: Apache Tomcat/8.5.35
2019-11-15 16:33:12,825 [localhost-startStop-1] INFO  o.a.c.core.AprLifecycleListener 180 - The APR based Apache Tomcat Native library which allows optimal performance in production environments was not found on the java.library.path: [/Users/chenyunyun/Library/Java/Extensions:/Library/Java/Extensions:/Network/Library/Java/Extensions:/System/Library/Java/Extensions:/usr/lib/java:.]
2019-11-15 16:33:12,938 [localhost-startStop-1] INFO  o.a.c.c.C.[.[localhost].[/demo] 180 - Initializing Spring embedded WebApplicationContext
2019-11-15 16:33:12,939 [localhost-startStop-1] INFO  o.s.web.context.ContextLoader 296 - Root WebApplicationContext: initialization completed in 4150 ms
2019-11-15 16:33:13,596 [localhost-startStop-1] INFO  o.s.b.a.s.s.UserDetailsServiceAutoConfiguration 86 - 

Using generated security password: dc9841bd-d18a-451d-8280-3f5f876475ab

2019-11-15 16:33:13,859 [localhost-startStop-1] INFO  com.zaxxer.hikari.HikariDataSource 110 - HikariPool-1 - Starting...
2019-11-15 16:33:13,862 [localhost-startStop-1] WARN  c.z.hikari.util.DriverDataSource 68 - Registered driver with driverClassName=com.mysql.jdbc.Driver was not found, trying direct instantiation.
2019-11-15 16:33:14,030 [localhost-startStop-1] INFO  com.zaxxer.hikari.HikariDataSource 123 - HikariPool-1 - Start completed.
2019-11-15 16:33:14,110 [localhost-startStop-1] INFO  o.s.o.j.LocalContainerEntityManagerFactoryBean 361 - Building JPA container EntityManagerFactory for persistence unit 'default'
2019-11-15 16:33:14,128 [localhost-startStop-1] INFO  o.h.jpa.internal.util.LogHelper 31 - HHH000204: Processing PersistenceUnitInfo [
	name: default
	...]
2019-11-15 16:33:14,244 [localhost-startStop-1] INFO  org.hibernate.Version 45 - HHH000412: Hibernate Core {5.2.17.Final}
2019-11-15 16:33:14,246 [localhost-startStop-1] INFO  org.hibernate.cfg.Environment 213 - HHH000206: hibernate.properties not found
2019-11-15 16:33:14,305 [localhost-startStop-1] INFO  o.h.annotations.common.Version 66 - HCANN000001: Hibernate Commons Annotations {5.0.1.Final}
2019-11-15 16:33:14,470 [localhost-startStop-1] INFO  org.hibernate.dialect.Dialect 157 - HHH000400: Using dialect: org.hibernate.dialect.MySQL5Dialect
2019-11-15 16:33:14,807 [localhost-startStop-1] INFO  o.s.o.j.LocalContainerEntityManagerFactoryBean 415 - Initialized JPA EntityManagerFactory for persistence unit 'default'
2019-11-15 16:33:21,344 [localhost-startStop-1] INFO  o.a.s.b.ProcessDefinitionResourceFinder 55 - The following process definition files will be deployed: [请假审批.bpmn]
2019-11-15 16:33:21,469 [localhost-startStop-1] INFO  o.a.e.i.c.ProcessEngineConfigurationImpl 1550 - Found 1 Process Engine Configurators in total:
2019-11-15 16:33:21,469 [localhost-startStop-1] INFO  o.a.e.i.c.ProcessEngineConfigurationImpl 1552 - class org.activiti.spring.process.autoconfigure.ProcessExtensionsConfiguratorAutoConfiguration$$EnhancerBySpringCGLIB$$6dbe2e08 (priority:10000)
2019-11-15 16:33:21,469 [localhost-startStop-1] INFO  o.a.e.i.c.ProcessEngineConfigurationImpl 1562 - Executing beforeInit() of class org.activiti.spring.process.autoconfigure.ProcessExtensionsConfiguratorAutoConfiguration$$EnhancerBySpringCGLIB$$6dbe2e08 (priority:10000)
2019-11-15 16:33:22,326 [localhost-startStop-1] INFO  o.a.e.i.c.ProcessEngineConfigurationImpl 1569 - Executing configure() of class org.activiti.spring.process.autoconfigure.ProcessExtensionsConfiguratorAutoConfiguration$$EnhancerBySpringCGLIB$$6dbe2e08 (priority:10000)
2019-11-15 16:33:22,393 [localhost-startStop-1] INFO  o.a.engine.impl.ProcessEngineImpl 74 - ProcessEngine default created
2019-11-15 16:33:23,043 [localhost-startStop-1] INFO  o.s.b.w.s.FilterRegistrationBean 245 - Mapping filter: 'characterEncodingFilter' to: [/*]
2019-11-15 16:33:23,045 [localhost-startStop-1] INFO  o.s.b.w.s.FilterRegistrationBean 245 - Mapping filter: 'webMvcMetricsFilter' to: [/*]
2019-11-15 16:33:23,045 [localhost-startStop-1] INFO  o.s.b.w.s.FilterRegistrationBean 245 - Mapping filter: 'hiddenHttpMethodFilter' to: [/*]
2019-11-15 16:33:23,046 [localhost-startStop-1] INFO  o.s.b.w.s.FilterRegistrationBean 245 - Mapping filter: 'httpPutFormContentFilter' to: [/*]
2019-11-15 16:33:23,046 [localhost-startStop-1] INFO  o.s.b.w.s.FilterRegistrationBean 245 - Mapping filter: 'requestContextFilter' to: [/*]
2019-11-15 16:33:23,048 [localhost-startStop-1] INFO  o.s.b.w.s.DelegatingFilterProxyRegistrationBean 245 - Mapping filter: 'springSecurityFilterChain' to: [/*]
2019-11-15 16:33:23,048 [localhost-startStop-1] INFO  o.s.b.w.s.FilterRegistrationBean 245 - Mapping filter: 'httpTraceFilter' to: [/*]
2019-11-15 16:33:23,048 [localhost-startStop-1] INFO  o.s.b.w.s.ServletRegistrationBean 187 - Servlet dispatcherServlet mapped to [/]
2019-11-15 16:33:23,354 [main] INFO  o.s.w.s.h.SimpleUrlHandlerMapping 373 - Mapped URL path [/**/favicon.ico] onto handler of type [class org.springframework.web.servlet.resource.ResourceHttpRequestHandler]
2019-11-15 16:33:23,587 [main] INFO  o.s.w.s.m.m.a.RequestMappingHandlerAdapter 588 - Looking for @ControllerAdvice: org.springframework.boot.web.servlet.context.AnnotationConfigServletWebServerApplicationContext@477b4cdf: startup date [Fri Nov 15 16:33:08 CST 2019]; root of context hierarchy
2019-11-15 16:33:23,663 [main] WARN  o.s.b.a.o.j.JpaBaseConfiguration$JpaWebConfiguration$JpaWebMvcConfiguration 237 - spring.jpa.open-in-view is enabled by default. Therefore, database queries may be performed during view rendering. Explicitly configure spring.jpa.open-in-view to disable this warning
2019-11-15 16:33:23,741 [main] INFO  o.s.w.s.m.m.a.RequestMappingHandlerMapping 550 - Mapped "{[/error]}" onto public org.springframework.http.ResponseEntity<java.util.Map<java.lang.String, java.lang.Object>> org.springframework.boot.autoconfigure.web.servlet.error.BasicErrorController.error(javax.servlet.http.HttpServletRequest)
2019-11-15 16:33:23,743 [main] INFO  o.s.w.s.m.m.a.RequestMappingHandlerMapping 550 - Mapped "{[/error],produces=[text/html]}" onto public org.springframework.web.servlet.ModelAndView org.springframework.boot.autoconfigure.web.servlet.error.BasicErrorController.errorHtml(javax.servlet.http.HttpServletRequest,javax.servlet.http.HttpServletResponse)
2019-11-15 16:33:23,846 [main] INFO  o.s.w.s.h.SimpleUrlHandlerMapping 373 - Mapped URL path [/webjars/**] onto handler of type [class org.springframework.web.servlet.resource.ResourceHttpRequestHandler]
2019-11-15 16:33:23,847 [main] INFO  o.s.w.s.h.SimpleUrlHandlerMapping 373 - Mapped URL path [/**] onto handler of type [class org.springframework.web.servlet.resource.ResourceHttpRequestHandler]
2019-11-15 16:33:25,497 [main] INFO  o.s.s.web.DefaultSecurityFilterChain 43 - Creating filter chain: org.springframework.security.web.util.matcher.AnyRequestMatcher@1, [org.springframework.security.web.context.request.async.WebAsyncManagerIntegrationFilter@4ced17f3, org.springframework.security.web.context.SecurityContextPersistenceFilter@d28c214, org.springframework.security.web.header.HeaderWriterFilter@6f0a4e30, org.springframework.security.web.csrf.CsrfFilter@67b5e613, org.springframework.security.web.authentication.logout.LogoutFilter@505f45cc, org.springframework.security.web.authentication.UsernamePasswordAuthenticationFilter@7fd751de, org.springframework.security.web.authentication.ui.DefaultLoginPageGeneratingFilter@2af9a5ef, org.springframework.security.web.authentication.www.BasicAuthenticationFilter@6bd7439d, org.springframework.security.web.savedrequest.RequestCacheAwareFilter@7f8c48f3, org.springframework.security.web.servletapi.SecurityContextHolderAwareRequestFilter@7c3c453b, org.springframework.security.web.authentication.AnonymousAuthenticationFilter@734a149a, org.springframework.security.web.session.SessionManagementFilter@67a8bcbb, org.springframework.security.web.access.ExceptionTranslationFilter@3ac0a14b, org.springframework.security.web.access.intercept.FilterSecurityInterceptor@30dd00b6]
2019-11-15 16:33:25,551 [main] INFO  o.s.b.a.e.web.EndpointLinksResolver 59 - Exposing 2 endpoint(s) beneath base path '/actuator'
2019-11-15 16:33:25,566 [main] INFO  o.s.b.a.e.w.s.WebMvcEndpointHandlerMapping 550 - Mapped "{[/actuator/health],methods=[GET],produces=[application/vnd.spring-boot.actuator.v2+json || application/json]}" onto public java.lang.Object org.springframework.boot.actuate.endpoint.web.servlet.AbstractWebMvcEndpointHandlerMapping$OperationHandler.handle(javax.servlet.http.HttpServletRequest,java.util.Map<java.lang.String, java.lang.String>)
2019-11-15 16:33:25,568 [main] INFO  o.s.b.a.e.w.s.WebMvcEndpointHandlerMapping 550 - Mapped "{[/actuator/info],methods=[GET],produces=[application/vnd.spring-boot.actuator.v2+json || application/json]}" onto public java.lang.Object org.springframework.boot.actuate.endpoint.web.servlet.AbstractWebMvcEndpointHandlerMapping$OperationHandler.handle(javax.servlet.http.HttpServletRequest,java.util.Map<java.lang.String, java.lang.String>)
2019-11-15 16:33:25,569 [main] INFO  o.s.b.a.e.w.s.WebMvcEndpointHandlerMapping 550 - Mapped "{[/actuator],methods=[GET],produces=[application/vnd.spring-boot.actuator.v2+json || application/json]}" onto protected java.util.Map<java.lang.String, java.util.Map<java.lang.String, org.springframework.boot.actuate.endpoint.web.Link>> org.springframework.boot.actuate.endpoint.web.servlet.WebMvcEndpointHandlerMapping.links(javax.servlet.http.HttpServletRequest,javax.servlet.http.HttpServletResponse)
2019-11-15 16:33:25,763 [main] INFO  o.s.j.e.a.AnnotationMBeanExporter 433 - Registering beans for JMX exposure on startup
2019-11-15 16:33:25,766 [main] INFO  o.s.j.e.a.AnnotationMBeanExporter 895 - Bean with name 'dataSource' has been autodetected for JMX exposure
2019-11-15 16:33:25,779 [main] INFO  o.s.j.e.a.AnnotationMBeanExporter 668 - Located MBean 'dataSource': registering with JMX server as MBean [com.zaxxer.hikari:name=dataSource,type=HikariDataSource]
2019-11-15 16:33:25,800 [main] INFO  o.a.coyote.http11.Http11NioProtocol 180 - Starting ProtocolHandler ["http-nio-8080"]
2019-11-15 16:33:25,824 [main] INFO  o.a.tomcat.util.net.NioSelectorPool 180 - Using a shared selector for servlet write/read
2019-11-15 16:33:25,842 [main] INFO  o.s.b.w.e.tomcat.TomcatWebServer 206 - Tomcat started on port(s): 8080 (http) with context path '/demo'
2019-11-15 16:33:25,846 [main] INFO  c.i.starter.SpringBootStarter 59 - Started SpringBootStarter in 19.669 seconds (JVM running for 21.23)
2019-11-15 16:33:26,347 [RMI TCP Connection(3)-10.1.42.210] INFO  o.a.c.c.C.[.[localhost].[/demo] 180 - Initializing Spring FrameworkServlet 'dispatcherServlet'
2019-11-15 16:33:26,347 [RMI TCP Connection(3)-10.1.42.210] INFO  o.s.web.servlet.DispatcherServlet 497 - FrameworkServlet 'dispatcherServlet': initialization started
2019-11-15 16:33:26,380 [RMI TCP Connection(3)-10.1.42.210] INFO  o.s.web.servlet.DispatcherServlet 512 - FrameworkServlet 'dispatcherServlet': initialization completed in 32 ms
2019-11-15 16:33:26,478 [main] INFO  c.i.starter.SpringBootStarter 31 - spring boot启动耗时:20478 ms
2019-11-15 16:33:26,808 [main] INFO  o.a.e.i.bpmn.deployer.BpmnDeployer 218 - Process deployed: {id: myProcess_1:6:98250fe6-0782-11ea-9635-be62bf819394, key: myProcess_1, name: null }
2019-11-15 16:34:15,562 [Thread-44] INFO  o.s.b.w.s.c.AnnotationConfigServletWebServerApplicationContext 991 - Closing org.springframework.boot.web.servlet.context.AnnotationConfigServletWebServerApplicationContext@477b4cdf: startup date [Fri Nov 15 16:33:08 CST 2019]; root of context hierarchy
2019-11-15 16:34:15,610 [Thread-44] INFO  o.s.j.e.a.AnnotationMBeanExporter 451 - Unregistering JMX-exposed beans on shutdown
2019-11-15 16:34:15,613 [Thread-44] INFO  o.s.j.e.a.AnnotationMBeanExporter 185 - Unregistering JMX-exposed beans
2019-11-15 16:34:15,644 [Thread-44] INFO  o.s.o.j.LocalContainerEntityManagerFactoryBean 597 - Closing JPA EntityManagerFactory for persistence unit 'default'
2019-11-15 16:34:15,655 [Thread-44] INFO  com.zaxxer.hikari.HikariDataSource 381 - HikariPool-1 - Shutdown initiated...
2019-11-15 16:34:15,666 [Thread-44] INFO  com.zaxxer.hikari.HikariDataSource 383 - HikariPool-1 - Shutdown completed.
